This is pdfTeX, Version 3.14159265-2.6-1.40.21 (MiKTeX 20.12) (preloaded format=pdflatex 2020.12.16)  14 JAN 2021 21:57
entering extended mode
**./final.tex
(final.tex
LaTeX2e <2020-10-01> patch level 2
L3 programming layer <2020-12-07> xparse <2020-03-03>
("C:\Program Files\MiKTeX\tex/latex/base\article.cls"
Document Class: article 2020/04/10 v1.4m Standard LaTeX document class
("C:\Program Files\MiKTeX\tex/latex/base\size10.clo"
File: size10.clo 2020/04/10 v1.4m Standard LaTeX file (size option)
)
\c@part=\count177
\c@section=\count178
\c@subsection=\count179
\c@subsubsection=\count180
\c@paragraph=\count181
\c@subparagraph=\count182
\c@figure=\count183
\c@table=\count184
\abovecaptionskip=\skip47
\belowcaptionskip=\skip48
\bibindent=\dimen138
)
("C:\Program Files\MiKTeX\tex/latex/psnfss\mathptmx.sty"
Package: mathptmx 2020/03/25 PSNFSS-v9.3 Times w/ Math, improved (SPQR, WaS) 
LaTeX Font Info:    Redeclaring symbol font `operators' on input line 28.
LaTeX Font Info:    Overwriting symbol font `operators' in version `normal'
(Font)                  OT1/cmr/m/n --> OT1/ztmcm/m/n on input line 28.
LaTeX Font Info:    Overwriting symbol font `operators' in version `bold'
(Font)                  OT1/cmr/bx/n --> OT1/ztmcm/m/n on input line 28.
LaTeX Font Info:    Redeclaring symbol font `letters' on input line 29.
LaTeX Font Info:    Overwriting symbol font `letters' in version `normal'
(Font)                  OML/cmm/m/it --> OML/ztmcm/m/it on input line 29.
LaTeX Font Info:    Overwriting symbol font `letters' in version `bold'
(Font)                  OML/cmm/b/it --> OML/ztmcm/m/it on input line 29.
LaTeX Font Info:    Redeclaring symbol font `symbols' on input line 30.
LaTeX Font Info:    Overwriting symbol font `symbols' in version `normal'
(Font)                  OMS/cmsy/m/n --> OMS/ztmcm/m/n on input line 30.
LaTeX Font Info:    Overwriting symbol font `symbols' in version `bold'
(Font)                  OMS/cmsy/b/n --> OMS/ztmcm/m/n on input line 30.
LaTeX Font Info:    Redeclaring symbol font `largesymbols' on input line 31.
LaTeX Font Info:    Overwriting symbol font `largesymbols' in version `normal'
(Font)                  OMX/cmex/m/n --> OMX/ztmcm/m/n on input line 31.
LaTeX Font Info:    Overwriting symbol font `largesymbols' in version `bold'
(Font)                  OMX/cmex/m/n --> OMX/ztmcm/m/n on input line 31.
\symbold=\mathgroup4
\symitalic=\mathgroup5
LaTeX Font Info:    Redeclaring math alphabet \mathbf on input line 34.
LaTeX Font Info:    Overwriting math alphabet `\mathbf' in version `normal'
(Font)                  OT1/cmr/bx/n --> OT1/ptm/bx/n on input line 34.
LaTeX Font Info:    Overwriting math alphabet `\mathbf' in version `bold'
(Font)                  OT1/cmr/bx/n --> OT1/ptm/bx/n on input line 34.
LaTeX Font Info:    Redeclaring math alphabet \mathit on input line 35.
LaTeX Font Info:    Overwriting math alphabet `\mathit' in version `normal'
(Font)                  OT1/cmr/m/it --> OT1/ptm/m/it on input line 35.
LaTeX Font Info:    Overwriting math alphabet `\mathit' in version `bold'
(Font)                  OT1/cmr/bx/it --> OT1/ptm/m/it on input line 35.
LaTeX Info: Redefining \hbar on input line 50.
)
("C:\Program Files\MiKTeX\tex/generic/babel\babel.sty"
Package: babel 2020/10/27 3.51 The Babel package

("C:\Program Files\MiKTeX\tex/generic/babel\babel.def"
File: babel.def 2020/10/27 3.51 Babel common definitions
\babel@savecnt=\count185
\U@D=\dimen139
\l@babelnohyphens=\language79

("C:\Program Files\MiKTeX\tex/generic/babel\txtbabel.def")
\bbl@readstream=\read2
)
\bbl@dirlevel=\count186

*************************************
* Local config file bblopts.cfg used
*
("C:\Program Files\MiKTeX\tex/latex/arabi\bblopts.cfg"
File: bblopts.cfg 2005/09/08 v0.1 add Arabic and Farsi to "declared" options of
 babel
)
("C:\Program Files\MiKTeX\tex/latex/babel-czech\czech.ldf"
Language: czech 2008/07/06 v3.1a Czech support from the babel system
Package babel Info: Making " an active character on input line 172.
\cs@wordlen=\count187
Package babel Info: Making - an active character on input line 226.
))
("C:\Program Files\MiKTeX\tex/latex/base\inputenc.sty"
Package: inputenc 2020/08/01 v1.3d Input encoding file
\inpenc@prehook=\toks15
\inpenc@posthook=\toks16
)
("C:\Program Files\MiKTeX\tex/latex/graphics\graphicx.sty"
Package: graphicx 2020/09/09 v1.2b Enhanced LaTeX Graphics (DPC,SPQR)

("C:\Program Files\MiKTeX\tex/latex/graphics\keyval.sty"
Package: keyval 2014/10/28 v1.15 key=value parser (DPC)
\KV@toks@=\toks17
)
("C:\Program Files\MiKTeX\tex/latex/graphics\graphics.sty"
Package: graphics 2020/08/30 v1.4c Standard LaTeX Graphics (DPC,SPQR)

("C:\Program Files\MiKTeX\tex/latex/graphics\trig.sty"
Package: trig 2016/01/03 v1.10 sin cos tan (DPC)
)
("C:\Program Files\MiKTeX\tex/latex/graphics-cfg\graphics.cfg"
File: graphics.cfg 2016/06/04 v1.11 sample graphics configuration
)
Package graphics Info: Driver file: pdftex.def on input line 105.

("C:\Program Files\MiKTeX\tex/latex/graphics-def\pdftex.def"
File: pdftex.def 2020/10/05 v1.2a Graphics/color driver for pdftex
))
\Gin@req@height=\dimen140
\Gin@req@width=\dimen141
)
("C:\Program Files\MiKTeX\tex/latex/pgfplots\pgfplots.sty"
("C:\Program Files\MiKTeX\tex/generic/pgfplots\pgfplots.revision.tex")
Package: pgfplots 2020/02/29 v1.17 Data Visualization (1.17)

("C:\Program Files\MiKTeX\tex/latex/pgf/frontendlayer\tikz.sty"
("C:\Program Files\MiKTeX\tex/latex/pgf/basiclayer\pgf.sty"
("C:\Program Files\MiKTeX\tex/latex/pgf/utilities\pgfrcs.sty"
("C:\Program Files\MiKTeX\tex/generic/pgf/utilities\pgfutil-common.tex"
\pgfutil@everybye=\toks18
\pgfutil@tempdima=\dimen142
\pgfutil@tempdimb=\dimen143

("C:\Program Files\MiKTeX\tex/generic/pgf/utilities\pgfutil-common-lists.tex"))
("C:\Program Files\MiKTeX\tex/generic/pgf/utilities\pgfutil-latex.def"
\pgfutil@abb=\box47
)
("C:\Program Files\MiKTeX\tex/generic/pgf/utilities\pgfrcs.code.tex"
("C:\Program Files\MiKTeX\tex/generic/pgf\pgf.revision.tex")
Package: pgfrcs 2020/12/01 v3.1.7a (3.1.7a)
))
Package: pgf 2020/12/01 v3.1.7a (3.1.7a)

("C:\Program Files\MiKTeX\tex/latex/pgf/basiclayer\pgfcore.sty"
("C:\Program Files\MiKTeX\tex/latex/pgf/systemlayer\pgfsys.sty"
("C:\Program Files\MiKTeX\tex/generic/pgf/systemlayer\pgfsys.code.tex"
Package: pgfsys 2020/12/01 v3.1.7a (3.1.7a)

("C:\Program Files\MiKTeX\tex/generic/pgf/utilities\pgfkeys.code.tex"
\pgfkeys@pathtoks=\toks19
\pgfkeys@temptoks=\toks20

("C:\Program Files\MiKTeX\tex/generic/pgf/utilities\pgfkeysfiltered.code.tex"
\pgfkeys@tmptoks=\toks21
))
\pgf@x=\dimen144
\pgf@y=\dimen145
\pgf@xa=\dimen146
\pgf@ya=\dimen147
\pgf@xb=\dimen148
\pgf@yb=\dimen149
\pgf@xc=\dimen150
\pgf@yc=\dimen151
\pgf@xd=\dimen152
\pgf@yd=\dimen153
\w@pgf@writea=\write3
\r@pgf@reada=\read3
\c@pgf@counta=\count188
\c@pgf@countb=\count189
\c@pgf@countc=\count190
\c@pgf@countd=\count191
\t@pgf@toka=\toks22
\t@pgf@tokb=\toks23
\t@pgf@tokc=\toks24
\pgf@sys@id@count=\count192
("C:\Program Files\MiKTeX\tex/generic/pgf/systemlayer\pgf.cfg"
File: pgf.cfg 2020/12/01 v3.1.7a (3.1.7a)
)
Driver file for pgf: pgfsys-pdftex.def

("C:\Program Files\MiKTeX\tex/generic/pgf/systemlayer\pgfsys-pdftex.def"
File: pgfsys-pdftex.def 2020/12/01 v3.1.7a (3.1.7a)

("C:\Program Files\MiKTeX\tex/generic/pgf/systemlayer\pgfsys-common-pdf.def"
File: pgfsys-common-pdf.def 2020/12/01 v3.1.7a (3.1.7a)
))) ("C:\Program Files\MiKTeX\tex/generic/pgf/systemlayer\pgfsyssoftpath.code.t
ex"
File: pgfsyssoftpath.code.tex 2020/12/01 v3.1.7a (3.1.7a)
\pgfsyssoftpath@smallbuffer@items=\count193
\pgfsyssoftpath@bigbuffer@items=\count194
) ("C:\Program Files\MiKTeX\tex/generic/pgf/systemlayer\pgfsysprotocol.code.tex
"
File: pgfsysprotocol.code.tex 2020/12/01 v3.1.7a (3.1.7a)
)) ("C:\Program Files\MiKTeX\tex/latex/xcolor\xcolor.sty"
Package: xcolor 2016/05/11 v2.12 LaTeX color extensions (UK)

("C:\Program Files\MiKTeX\tex/latex/graphics-cfg\color.cfg"
File: color.cfg 2016/01/02 v1.6 sample color configuration
)
Package xcolor Info: Driver file: pdftex.def on input line 225.
Package xcolor Info: Model `cmy' substituted by `cmy0' on input line 1348.
Package xcolor Info: Model `hsb' substituted by `rgb' on input line 1352.
Package xcolor Info: Model `RGB' extended on input line 1364.
Package xcolor Info: Model `HTML' substituted by `rgb' on input line 1366.
Package xcolor Info: Model `Hsb' substituted by `hsb' on input line 1367.
Package xcolor Info: Model `tHsb' substituted by `hsb' on input line 1368.
Package xcolor Info: Model `HSB' substituted by `hsb' on input line 1369.
Package xcolor Info: Model `Gray' substituted by `gray' on input line 1370.
Package xcolor Info: Model `wave' substituted by `hsb' on input line 1371.
)
("C:\Program Files\MiKTeX\tex/generic/pgf/basiclayer\pgfcore.code.tex"
Package: pgfcore 2020/12/01 v3.1.7a (3.1.7a)

("C:\Program Files\MiKTeX\tex/generic/pgf/math\pgfmath.code.tex"
("C:\Program Files\MiKTeX\tex/generic/pgf/math\pgfmathcalc.code.tex"
("C:\Program Files\MiKTeX\tex/generic/pgf/math\pgfmathutil.code.tex")
("C:\Program Files\MiKTeX\tex/generic/pgf/math\pgfmathparser.code.tex"
\pgfmath@dimen=\dimen154
\pgfmath@count=\count195
\pgfmath@box=\box48
\pgfmath@toks=\toks25
\pgfmath@stack@operand=\toks26
\pgfmath@stack@operation=\toks27
)
("C:\Program Files\MiKTeX\tex/generic/pgf/math\pgfmathfunctions.code.tex"
("C:\Program Files\MiKTeX\tex/generic/pgf/math\pgfmathfunctions.basic.code.tex"
)
("C:\Program Files\MiKTeX\tex/generic/pgf/math\pgfmathfunctions.trigonometric.c
ode.tex")
("C:\Program Files\MiKTeX\tex/generic/pgf/math\pgfmathfunctions.random.code.tex
")
("C:\Program Files\MiKTeX\tex/generic/pgf/math\pgfmathfunctions.comparison.code
.tex")
("C:\Program Files\MiKTeX\tex/generic/pgf/math\pgfmathfunctions.base.code.tex")
("C:\Program Files\MiKTeX\tex/generic/pgf/math\pgfmathfunctions.round.code.tex"
) ("C:\Program Files\MiKTeX\tex/generic/pgf/math\pgfmathfunctions.misc.code.tex
")
("C:\Program Files\MiKTeX\tex/generic/pgf/math\pgfmathfunctions.integerarithmet
ics.code.tex")))
("C:\Program Files\MiKTeX\tex/generic/pgf/math\pgfmathfloat.code.tex"
\c@pgfmathroundto@lastzeros=\count196
))
("C:\Program Files\MiKTeX\tex/generic/pgf/math\pgfint.code.tex")
("C:\Program Files\MiKTeX\tex/generic/pgf/basiclayer\pgfcorepoints.code.tex"
File: pgfcorepoints.code.tex 2020/12/01 v3.1.7a (3.1.7a)
\pgf@picminx=\dimen155
\pgf@picmaxx=\dimen156
\pgf@picminy=\dimen157
\pgf@picmaxy=\dimen158
\pgf@pathminx=\dimen159
\pgf@pathmaxx=\dimen160
\pgf@pathminy=\dimen161
\pgf@pathmaxy=\dimen162
\pgf@xx=\dimen163
\pgf@xy=\dimen164
\pgf@yx=\dimen165
\pgf@yy=\dimen166
\pgf@zx=\dimen167
\pgf@zy=\dimen168
)
("C:\Program Files\MiKTeX\tex/generic/pgf/basiclayer\pgfcorepathconstruct.code.
tex"
File: pgfcorepathconstruct.code.tex 2020/12/01 v3.1.7a (3.1.7a)
\pgf@path@lastx=\dimen169
\pgf@path@lasty=\dimen170
)
("C:\Program Files\MiKTeX\tex/generic/pgf/basiclayer\pgfcorepathusage.code.tex"
File: pgfcorepathusage.code.tex 2020/12/01 v3.1.7a (3.1.7a)
\pgf@shorten@end@additional=\dimen171
\pgf@shorten@start@additional=\dimen172
) ("C:\Program Files\MiKTeX\tex/generic/pgf/basiclayer\pgfcorescopes.code.tex"
File: pgfcorescopes.code.tex 2020/12/01 v3.1.7a (3.1.7a)
\pgfpic=\box49
\pgf@hbox=\box50
\pgf@layerbox@main=\box51
\pgf@picture@serial@count=\count197
)
("C:\Program Files\MiKTeX\tex/generic/pgf/basiclayer\pgfcoregraphicstate.code.t
ex"
File: pgfcoregraphicstate.code.tex 2020/12/01 v3.1.7a (3.1.7a)
\pgflinewidth=\dimen173
)
("C:\Program Files\MiKTeX\tex/generic/pgf/basiclayer\pgfcoretransformations.cod
e.tex"
File: pgfcoretransformations.code.tex 2020/12/01 v3.1.7a (3.1.7a)
\pgf@pt@x=\dimen174
\pgf@pt@y=\dimen175
\pgf@pt@temp=\dimen176
)
("C:\Program Files\MiKTeX\tex/generic/pgf/basiclayer\pgfcorequick.code.tex"
File: pgfcorequick.code.tex 2020/12/01 v3.1.7a (3.1.7a)
)
("C:\Program Files\MiKTeX\tex/generic/pgf/basiclayer\pgfcoreobjects.code.tex"
File: pgfcoreobjects.code.tex 2020/12/01 v3.1.7a (3.1.7a)
)
("C:\Program Files\MiKTeX\tex/generic/pgf/basiclayer\pgfcorepathprocessing.code
.tex"
File: pgfcorepathprocessing.code.tex 2020/12/01 v3.1.7a (3.1.7a)
)
("C:\Program Files\MiKTeX\tex/generic/pgf/basiclayer\pgfcorearrows.code.tex"
File: pgfcorearrows.code.tex 2020/12/01 v3.1.7a (3.1.7a)
\pgfarrowsep=\dimen177
)
("C:\Program Files\MiKTeX\tex/generic/pgf/basiclayer\pgfcoreshade.code.tex"
File: pgfcoreshade.code.tex 2020/12/01 v3.1.7a (3.1.7a)
\pgf@max=\dimen178
\pgf@sys@shading@range@num=\count198
\pgf@shadingcount=\count199
)
("C:\Program Files\MiKTeX\tex/generic/pgf/basiclayer\pgfcoreimage.code.tex"
File: pgfcoreimage.code.tex 2020/12/01 v3.1.7a (3.1.7a)

("C:\Program Files\MiKTeX\tex/generic/pgf/basiclayer\pgfcoreexternal.code.tex"
File: pgfcoreexternal.code.tex 2020/12/01 v3.1.7a (3.1.7a)
\pgfexternal@startupbox=\box52
)) ("C:\Program Files\MiKTeX\tex/generic/pgf/basiclayer\pgfcorelayers.code.tex"
File: pgfcorelayers.code.tex 2020/12/01 v3.1.7a (3.1.7a)
)
("C:\Program Files\MiKTeX\tex/generic/pgf/basiclayer\pgfcoretransparency.code.t
ex"
File: pgfcoretransparency.code.tex 2020/12/01 v3.1.7a (3.1.7a)
)
("C:\Program Files\MiKTeX\tex/generic/pgf/basiclayer\pgfcorepatterns.code.tex"
File: pgfcorepatterns.code.tex 2020/12/01 v3.1.7a (3.1.7a)
) ("C:\Program Files\MiKTeX\tex/generic/pgf/basiclayer\pgfcorerdf.code.tex"
File: pgfcorerdf.code.tex 2020/12/01 v3.1.7a (3.1.7a)
)))
("C:\Program Files\MiKTeX\tex/generic/pgf/modules\pgfmoduleshapes.code.tex"
File: pgfmoduleshapes.code.tex 2020/12/01 v3.1.7a (3.1.7a)
\pgfnodeparttextbox=\box53
)
("C:\Program Files\MiKTeX\tex/generic/pgf/modules\pgfmoduleplot.code.tex"
File: pgfmoduleplot.code.tex 2020/12/01 v3.1.7a (3.1.7a)
)
("C:\Program Files\MiKTeX\tex/latex/pgf/compatibility\pgfcomp-version-0-65.sty"
Package: pgfcomp-version-0-65 2020/12/01 v3.1.7a (3.1.7a)
\pgf@nodesepstart=\dimen179
\pgf@nodesepend=\dimen180
) ("C:\Program Files\MiKTeX\tex/latex/pgf/compatibility\pgfcomp-version-1-18.st
y"
Package: pgfcomp-version-1-18 2020/12/01 v3.1.7a (3.1.7a)
)) ("C:\Program Files\MiKTeX\tex/latex/pgf/utilities\pgffor.sty"
("C:\Program Files\MiKTeX\tex/latex/pgf/utilities\pgfkeys.sty"
("C:\Program Files\MiKTeX\tex/generic/pgf/utilities\pgfkeys.code.tex"))
("C:\Program Files\MiKTeX\tex/latex/pgf/math\pgfmath.sty"
("C:\Program Files\MiKTeX\tex/generic/pgf/math\pgfmath.code.tex"))
("C:\Program Files\MiKTeX\tex/generic/pgf/utilities\pgffor.code.tex"
Package: pgffor 2020/12/01 v3.1.7a (3.1.7a)

("C:\Program Files\MiKTeX\tex/generic/pgf/math\pgfmath.code.tex")
\pgffor@iter=\dimen181
\pgffor@skip=\dimen182
\pgffor@stack=\toks28
\pgffor@toks=\toks29
))
("C:\Program Files\MiKTeX\tex/generic/pgf/frontendlayer/tikz\tikz.code.tex"
Package: tikz 2020/12/01 v3.1.7a (3.1.7a)

("C:\Program Files\MiKTeX\tex/generic/pgf/libraries\pgflibraryplothandlers.code
.tex"
File: pgflibraryplothandlers.code.tex 2020/12/01 v3.1.7a (3.1.7a)
\pgf@plot@mark@count=\count266
\pgfplotmarksize=\dimen183
)
\tikz@lastx=\dimen184
\tikz@lasty=\dimen185
\tikz@lastxsaved=\dimen186
\tikz@lastysaved=\dimen187
\tikz@lastmovetox=\dimen188
\tikz@lastmovetoy=\dimen189
\tikzleveldistance=\dimen190
\tikzsiblingdistance=\dimen191
\tikz@figbox=\box54
\tikz@figbox@bg=\box55
\tikz@tempbox=\box56
\tikz@tempbox@bg=\box57
\tikztreelevel=\count267
\tikznumberofchildren=\count268
\tikznumberofcurrentchild=\count269
\tikz@fig@count=\count270

("C:\Program Files\MiKTeX\tex/generic/pgf/modules\pgfmodulematrix.code.tex"
File: pgfmodulematrix.code.tex 2020/12/01 v3.1.7a (3.1.7a)
\pgfmatrixcurrentrow=\count271
\pgfmatrixcurrentcolumn=\count272
\pgf@matrix@numberofcolumns=\count273
)
\tikz@expandcount=\count274

("C:\Program Files\MiKTeX\tex/generic/pgf/frontendlayer/tikz/libraries\tikzlibr
arytopaths.code.tex"
File: tikzlibrarytopaths.code.tex 2020/12/01 v3.1.7a (3.1.7a)
)))
("C:\Program Files\MiKTeX\tex/generic/pgfplots\pgfplots.code.tex"
("C:\Program Files\MiKTeX\tex/generic/pgfplots\pgfplotscore.code.tex"
\t@pgfplots@toka=\toks30
\t@pgfplots@tokb=\toks31
\t@pgfplots@tokc=\toks32
\pgfplots@tmpa=\dimen192
\c@pgfplots@coordindex=\count275
\c@pgfplots@scanlineindex=\count276

("C:\Program Files\MiKTeX\tex/generic/pgfplots/sys\pgfplotssysgeneric.code.tex"
)) ("C:\Program Files\MiKTeX\tex/generic/pgfplots/libs\pgfplotslibrary.code.tex
")
("C:\Program Files\MiKTeX\tex/generic/pgfplots/oldpgfcompatib\pgfplotsoldpgfsup
p_loader.code.tex"
("C:\Program Files\MiKTeX\tex/generic/pgf/libraries\pgflibraryfpu.code.tex"))
("C:\Program Files\MiKTeX\tex/generic/pgfplots/util\pgfplotsutil.code.tex"
("C:\Program Files\MiKTeX\tex/generic/pgfplots/liststructure\pgfplotsliststruct
ure.code.tex")
("C:\Program Files\MiKTeX\tex/generic/pgfplots/liststructure\pgfplotsliststruct
ureext.code.tex")
("C:\Program Files\MiKTeX\tex/generic/pgfplots/liststructure\pgfplotsarray.code
.tex"
\c@pgfplotsarray@tmp=\count277
)
("C:\Program Files\MiKTeX\tex/generic/pgfplots/liststructure\pgfplotsmatrix.cod
e.tex")
("C:\Program Files\MiKTeX\tex/generic/pgfplots/numtable\pgfplotstableshared.cod
e.tex"
\c@pgfplotstable@counta=\count278
\t@pgfplotstable@a=\toks33
)
("C:\Program Files\MiKTeX\tex/generic/pgfplots/liststructure\pgfplotsdeque.code
.tex")
("C:\Program Files\MiKTeX\tex/generic/pgfplots/util\pgfplotsbinary.code.tex"
("C:\Program Files\MiKTeX\tex/generic/pgfplots/util\pgfplotsbinary.data.code.te
x"))
("C:\Program Files\MiKTeX\tex/generic/pgfplots/util\pgfplotsutil.verb.code.tex"
)
("C:\Program Files\MiKTeX\tex/generic/pgfplots/libs\pgflibrarypgfplots.surfshad
ing.code.tex"
\c@pgfplotslibrarysurf@no=\count279

("C:\Program Files\MiKTeX\tex/generic/pgfplots/sys\pgflibrarypgfplots.surfshadi
ng.pgfsys-pdftex.def")))
("C:\Program Files\MiKTeX\tex/generic/pgfplots/util\pgfplotscolormap.code.tex"
("C:\Program Files\MiKTeX\tex/generic/pgfplots/util\pgfplotscolor.code.tex"))
("C:\Program Files\MiKTeX\tex/generic/pgfplots\pgfplotsstackedplots.code.tex")
("C:\Program Files\MiKTeX\tex/generic/pgfplots\pgfplotsplothandlers.code.tex"
("C:\Program Files\MiKTeX\tex/generic/pgfplots\pgfplotsmeshplothandler.code.tex
" ("C:\Program Files\MiKTeX\tex/generic/pgfplots\pgfplotsmeshplotimage.code.tex
"))) ("C:\Program Files\MiKTeX\tex/generic/pgfplots\pgfplots.scaling.code.tex")
("C:\Program Files\MiKTeX\tex/generic/pgfplots\pgfplotscoordprocessing.code.tex
") ("C:\Program Files\MiKTeX\tex/generic/pgfplots\pgfplots.errorbars.code.tex")
("C:\Program Files\MiKTeX\tex/generic/pgfplots\pgfplots.markers.code.tex")
("C:\Program Files\MiKTeX\tex/generic/pgfplots\pgfplotsticks.code.tex")
("C:\Program Files\MiKTeX\tex/generic/pgfplots\pgfplots.paths.code.tex")
("C:\Program Files\MiKTeX\tex/generic/pgf/frontendlayer/tikz/libraries\tikzlibr
arydecorations.code.tex"
("C:\Program Files\MiKTeX\tex/generic/pgf/modules\pgfmoduledecorations.code.tex
"
\pgfdecoratedcompleteddistance=\dimen193
\pgfdecoratedremainingdistance=\dimen194
\pgfdecoratedinputsegmentcompleteddistance=\dimen195
\pgfdecoratedinputsegmentremainingdistance=\dimen196
\pgf@decorate@distancetomove=\dimen197
\pgf@decorate@repeatstate=\count280
\pgfdecorationsegmentamplitude=\dimen198
\pgfdecorationsegmentlength=\dimen199
)
\tikz@lib@dec@box=\box58
)
("C:\Program Files\MiKTeX\tex/generic/pgf/frontendlayer/tikz/libraries\tikzlibr
arydecorations.pathmorphing.code.tex"
("C:\Program Files\MiKTeX\tex/generic/pgf/libraries/decorations\pgflibrarydecor
ations.pathmorphing.code.tex"))
("C:\Program Files\MiKTeX\tex/generic/pgf/frontendlayer/tikz/libraries\tikzlibr
arydecorations.pathreplacing.code.tex"
("C:\Program Files\MiKTeX\tex/generic/pgf/libraries/decorations\pgflibrarydecor
ations.pathreplacing.code.tex"))
\pgfplots@numplots=\count281
\pgfplots@xmin@reg=\dimen256
\pgfplots@xmax@reg=\dimen257
\pgfplots@ymin@reg=\dimen258
\pgfplots@ymax@reg=\dimen259
\pgfplots@zmin@reg=\dimen260
\pgfplots@zmax@reg=\dimen261
)
("C:\Program Files\MiKTeX\tex/generic/pgf/frontendlayer/tikz/libraries\tikzlibr
aryplotmarks.code.tex"
File: tikzlibraryplotmarks.code.tex 2020/12/01 v3.1.7a (3.1.7a)

("C:\Program Files\MiKTeX\tex/generic/pgf/libraries\pgflibraryplotmarks.code.te
x"
File: pgflibraryplotmarks.code.tex 2020/12/01 v3.1.7a (3.1.7a)
))) ("C:\Program Files\MiKTeX\tex/latex/pgfplots\pgfplotstable.sty"
("C:\Program Files\MiKTeX\tex/generic/pgfplots\pgfplots.revision.tex")
Package: pgfplotstable 2020/02/29 v1.17 Table typesetting and Pretty-printing (
1.17)

("C:\Program Files\MiKTeX\tex/generic/pgfplots/numtable\pgfplotstable.code.tex"

("C:\Program Files\MiKTeX\tex/generic/pgfplots/numtable\pgfplotstable.coltype.c
ode.tex")) ("C:\Program Files\MiKTeX\tex/latex/tools\array.sty"
Package: array 2019/08/31 v2.4l Tabular extension package (FMi)
\col@sep=\dimen262
\ar@mcellbox=\box59
\extrarowheight=\dimen263
\NC@list=\toks34
\extratabsurround=\skip49
\backup@length=\skip50
\ar@cellbox=\box60
))
("C:\Program Files\MiKTeX\tex/latex/multirow\multirow.sty"
Package: multirow 2019/05/31 v2.5 Span multiple rows of a table
\multirow@colwidth=\skip51
\multirow@cntb=\count282
\multirow@dima=\skip52
\bigstrutjot=\dimen264
)
("C:\Program Files\MiKTeX\tex/latex/import\import.sty"
Package: import 2020/04/01  v 6.2
)
("C:\Program Files\MiKTeX\tex/latex/geometry\geometry.sty"
Package: geometry 2020/01/02 v5.9 Page Geometry

("C:\Program Files\MiKTeX\tex/generic/iftex\ifvtex.sty"
Package: ifvtex 2019/10/25 v1.7 ifvtex legacy package. Use iftex instead.

("C:\Program Files\MiKTeX\tex/generic/iftex\iftex.sty"
Package: iftex 2020/03/06 v1.0d TeX engine tests
))
\Gm@cnth=\count283
\Gm@cntv=\count284
\c@Gm@tempcnt=\count285
\Gm@bindingoffset=\dimen265
\Gm@wd@mp=\dimen266
\Gm@odd@mp=\dimen267
\Gm@even@mp=\dimen268
\Gm@layoutwidth=\dimen269
\Gm@layoutheight=\dimen270
\Gm@layouthoffset=\dimen271
\Gm@layoutvoffset=\dimen272
\Gm@dimlist=\toks35

("C:\Program Files\MiKTeX\tex/latex/geometry\geometry.cfg"))
("C:\Program Files\MiKTeX\tex/latex/todonotes\todonotes.sty"
Package: todonotes 2020/08/18 v1.1.3 Todonotes source and documentation.
Package: todonotes 2018/11/22

("C:\Program Files\MiKTeX\tex/latex/base\ifthen.sty"
Package: ifthen 2014/09/29 v1.1c Standard LaTeX ifthen package (DPC)
)
("C:\Program Files\MiKTeX\tex/latex/xkeyval\xkeyval.sty"
Package: xkeyval 2020/11/20 v2.8 package option processing (HA)

("C:\Program Files\MiKTeX\tex/generic/xkeyval\xkeyval.tex"
("C:\Program Files\MiKTeX\tex/generic/xkeyval\xkvutils.tex"
\XKV@toks=\toks36
\XKV@tempa@toks=\toks37
)
\XKV@depth=\count286
File: xkeyval.tex 2014/12/03 v2.7a key=value parser (HA)
))
("C:\Program Files\MiKTeX\tex/generic/pgf/frontendlayer/tikz/libraries\tikzlibr
arypositioning.code.tex"
File: tikzlibrarypositioning.code.tex 2020/12/01 v3.1.7a (3.1.7a)
)
("C:\Program Files\MiKTeX\tex/generic/pgf/frontendlayer/tikz/libraries\tikzlibr
aryshadows.code.tex"
File: tikzlibraryshadows.code.tex 2020/12/01 v3.1.7a (3.1.7a)

("C:\Program Files\MiKTeX\tex/generic/pgf/frontendlayer/tikz/libraries\tikzlibr
aryfadings.code.tex"
File: tikzlibraryfadings.code.tex 2020/12/01 v3.1.7a (3.1.7a)

("C:\Program Files\MiKTeX\tex/generic/pgf/libraries\pgflibraryfadings.code.tex"
File: pgflibraryfadings.code.tex 2020/12/01 v3.1.7a (3.1.7a)
))) ("C:\Program Files\MiKTeX\tex/latex/tools\calc.sty"
Package: calc 2017/05/25 v4.3 Infix arithmetic (KKT,FJ)
\calc@Acount=\count287
\calc@Bcount=\count288
\calc@Adimen=\dimen273
\calc@Bdimen=\dimen274
\calc@Askip=\skip53
\calc@Bskip=\skip54
LaTeX Info: Redefining \setlength on input line 80.
LaTeX Info: Redefining \addtolength on input line 81.
\calc@Ccount=\count289
\calc@Cskip=\skip55
)
\c@@todonotes@numberoftodonotes=\count290
)
("C:\Program Files\MiKTeX\tex/latex/standalone\standalone.sty"
Package: standalone 2018/03/26 v1.3a Package to include TeX sub-files with prea
mbles

("C:\Program Files\MiKTeX\tex/latex/tools\shellesc.sty"
Package: shellesc 2019/11/08 v1.0c unified shell escape interface for LaTeX
Package shellesc Info: Restricted shell escape enabled on input line 77.
)
("C:\Program Files\MiKTeX\tex/latex/currfile\currfile.sty"
Package: currfile 2020/09/29 v0.7d Provides the file path elements of the curre
nt input file

("C:\Program Files\MiKTeX\tex/latex/kvoptions\kvoptions.sty"
Package: kvoptions 2020-10-07 v3.14 Key value format for package options (HO)

("C:\Program Files\MiKTeX\tex/generic/ltxcmds\ltxcmds.sty"
Package: ltxcmds 2020-05-10 v1.25 LaTeX kernel commands for general use (HO)
)
("C:\Program Files\MiKTeX\tex/generic/kvsetkeys\kvsetkeys.sty"
Package: kvsetkeys 2019/12/15 v1.18 Key value parser (HO)
))
("C:\Program Files\MiKTeX\tex/latex/filehook\filehook.sty"
Package: filehook 2020/09/29 v0.8a Hooks for input files

("C:\Program Files\MiKTeX\tex/latex/filehook\filehook-2020.sty"
Package: filehook-2020 2020/09/29 v0.8a Hooks for input files
))
\c@currfiledepth=\count291
)
("C:\Program Files\MiKTeX\tex/latex/gincltex\gincltex.sty"
("C:\Program Files\MiKTeX\tex/latex/svn-prov\svn-prov.sty"
Package: svn-prov 2010/04/24 v3.1862 Package Date/Version from SVN Keywords
)
Package: gincltex 2011/09/04 v0.3 Include external LaTeX files like graphics

("C:\Program Files\MiKTeX\tex/latex/adjustbox\adjustbox.sty"
Package: adjustbox 2020/08/19 v1.3 Adjusting TeX boxes (trim, clip, ...)

("C:\Program Files\MiKTeX\tex/latex/adjustbox\adjcalc.sty"
Package: adjcalc 2012/05/16 v1.1 Provides advanced setlength with multiple back
-ends (calc, etex, pgfmath)
)
("C:\Program Files\MiKTeX\tex/latex/adjustbox\trimclip.sty"
Package: trimclip 2020/08/19 v1.2 Trim and clip general TeX material

("C:\Program Files\MiKTeX\tex/latex/collectbox\collectbox.sty"
Package: collectbox 2012/05/17 v0.4b Collect macro arguments as boxes
\collectedbox=\box61
)
\tc@llx=\dimen275
\tc@lly=\dimen276
\tc@urx=\dimen277
\tc@ury=\dimen278
Package trimclip Info: Using driver 'tc-pdftex.def'.

("C:\Program Files\MiKTeX\tex/latex/adjustbox\tc-pdftex.def"
File: tc-pdftex.def 2019/01/04 v2.2 Clipping driver for pdftex
))
\adjbox@Width=\dimen279
\adjbox@Height=\dimen280
\adjbox@Depth=\dimen281
\adjbox@Totalheight=\dimen282
\adjbox@pwidth=\dimen283
\adjbox@pheight=\dimen284
\adjbox@pdepth=\dimen285
\adjbox@ptotalheight=\dimen286

("C:\Program Files\MiKTeX\tex/latex/ifoddpage\ifoddpage.sty"
Package: ifoddpage 2016/04/23 v1.1 Conditionals for odd/even page detection
\c@checkoddpage=\count292
)
("C:\Program Files\MiKTeX\tex/latex/varwidth\varwidth.sty"
Package: varwidth 2009/03/30 ver 0.92;  Variable-width minipages
\@vwid@box=\box62
\sift@deathcycles=\count293
\@vwid@loff=\dimen287
\@vwid@roff=\dimen288
))
\gincltex@box=\box63
)
("C:\Program Files\MiKTeX\tex/latex/filemod\filemod-expmin.sty"
Package: filemod-expmin 2011/09/19 v1.2 Get and compare file modification times
 (expandable; minimal)
))
("C:\Program Files\MiKTeX\tex/latex/colortbl\colortbl.sty"
Package: colortbl 2020/01/04 v1.0e Color table columns (DPC)
\everycr=\toks38
\minrowclearance=\skip56
)
("C:\Program Files\MiKTeX\tex/latex/float\float.sty"
Package: float 2001/11/08 v1.3d Float enhancements (AL)
\c@float@type=\count294
\float@exts=\toks39
\float@box=\box64
\@float@everytoks=\toks40
\@floatcapt=\box65
)
("C:\Program Files\MiKTeX\tex/latex/csvsimple\csvsimple.sty"
Package: csvsimple 2019/04/09 version 1.21 LaTeX CSV file processing

("C:\Program Files\MiKTeX\tex/latex/etoolbox\etoolbox.sty"
Package: etoolbox 2020/10/05 v2.5k e-TeX tools for LaTeX (JAW)
\etb@tempcnta=\count295
)
\csv@file=\read4
\c@csvinputline=\count296
\c@csvrow=\count297
\c@csvcol=\count298
\csv@out=\write4
)
("C:\Program Files\MiKTeX\tex/latex/tools\indentfirst.sty"
Package: indentfirst 1995/11/23 v1.03 Indent first paragraph (DPC)
)
("C:\Program Files\MiKTeX\tex/latex/hyperref\hyperref.sty"
Package: hyperref 2020-05-15 v7.00e Hypertext links for LaTeX

("C:\Program Files\MiKTeX\tex/generic/pdftexcmds\pdftexcmds.sty"
Package: pdftexcmds 2020-06-27 v0.33 Utility functions of pdfTeX for LuaTeX (HO
)

("C:\Program Files\MiKTeX\tex/generic/infwarerr\infwarerr.sty"
Package: infwarerr 2019/12/03 v1.5 Providing info/warning/error messages (HO)
)
Package pdftexcmds Info: \pdf@primitive is available.
Package pdftexcmds Info: \pdf@ifprimitive is available.
Package pdftexcmds Info: \pdfdraftmode found.
)
("C:\Program Files\MiKTeX\tex/generic/kvdefinekeys\kvdefinekeys.sty"
Package: kvdefinekeys 2019-12-19 v1.6 Define keys (HO)
)
("C:\Program Files\MiKTeX\tex/generic/pdfescape\pdfescape.sty"
Package: pdfescape 2019/12/09 v1.15 Implements pdfTeX's escape features (HO)
)
("C:\Program Files\MiKTeX\tex/latex/hycolor\hycolor.sty"
Package: hycolor 2020-01-27 v1.10 Color options for hyperref/bookmark (HO)
)
("C:\Program Files\MiKTeX\tex/latex/letltxmacro\letltxmacro.sty"
Package: letltxmacro 2019/12/03 v1.6 Let assignment for LaTeX macros (HO)
)
("C:\Program Files\MiKTeX\tex/latex/auxhook\auxhook.sty"
Package: auxhook 2019-12-17 v1.6 Hooks for auxiliary files (HO)
)
\@linkdim=\dimen289
\Hy@linkcounter=\count299
\Hy@pagecounter=\count300

("C:\Program Files\MiKTeX\tex/latex/hyperref\pd1enc.def"
File: pd1enc.def 2020-05-15 v7.00e Hyperref: PDFDocEncoding definition (HO)
Now handling font encoding PD1 ...
... no UTF-8 mapping file for font encoding PD1
)
("C:\Program Files\MiKTeX\tex/generic/intcalc\intcalc.sty"
Package: intcalc 2019/12/15 v1.3 Expandable calculations with integers (HO)
)
("C:\Program Files\MiKTeX\tex/generic/etexcmds\etexcmds.sty"
Package: etexcmds 2019/12/15 v1.7 Avoid name clashes with e-TeX commands (HO)
)
\Hy@SavedSpaceFactor=\count301
Package hyperref Info: Hyper figures OFF on input line 4464.
Package hyperref Info: Link nesting OFF on input line 4469.
Package hyperref Info: Hyper index ON on input line 4472.
Package hyperref Info: Plain pages OFF on input line 4479.
Package hyperref Info: Backreferencing OFF on input line 4484.
Package hyperref Info: Implicit mode ON; LaTeX internals redefined.
Package hyperref Info: Bookmarks ON on input line 4717.
\c@Hy@tempcnt=\count302

("C:\Program Files\MiKTeX\tex/latex/url\url.sty"
\Urlmuskip=\muskip16
Package: url 2013/09/16  ver 3.4  Verb mode for urls, etc.
)
LaTeX Info: Redefining \url on input line 5076.
\XeTeXLinkMargin=\dimen290

("C:\Program Files\MiKTeX\tex/generic/bitset\bitset.sty"
Package: bitset 2019/12/09 v1.3 Handle bit-vector datatype (HO)

("C:\Program Files\MiKTeX\tex/generic/bigintcalc\bigintcalc.sty"
Package: bigintcalc 2019/12/15 v1.5 Expandable calculations on big integers (HO
)
))
\Fld@menulength=\count303
\Field@Width=\dimen291
\Fld@charsize=\dimen292
Package hyperref Info: Hyper figures OFF on input line 6347.
Package hyperref Info: Link nesting OFF on input line 6352.
Package hyperref Info: Hyper index ON on input line 6355.
Package hyperref Info: backreferencing OFF on input line 6362.
Package hyperref Info: Link coloring OFF on input line 6367.
Package hyperref Info: Link coloring with OCG OFF on input line 6372.
Package hyperref Info: PDF/A mode OFF on input line 6377.
LaTeX Info: Redefining \ref on input line 6417.
LaTeX Info: Redefining \pageref on input line 6421.

("C:\Program Files\MiKTeX\tex/latex/base\atbegshi-ltx.sty"
Package: atbegshi-ltx 2020/08/17 v1.0a Emulation of the original atbegshi packa
ge
with kernel methods
)
\Hy@abspage=\count304
\c@Item=\count305
\c@Hfootnote=\count306
)
Package hyperref Info: Driver (autodetected): hpdftex.

("C:\Program Files\MiKTeX\tex/latex/hyperref\hpdftex.def"
File: hpdftex.def 2020-05-15 v7.00e Hyperref driver for pdfTeX

("C:\Program Files\MiKTeX\tex/latex/base\atveryend-ltx.sty"
Package: atveryend-ltx 2020/08/19 v1.0a Emulation of the original atvery packag
e
with kernel methods
)
\Fld@listcount=\count307
\c@bookmark@seq@number=\count308

("C:\Program Files\MiKTeX\tex/latex/rerunfilecheck\rerunfilecheck.sty"
Package: rerunfilecheck 2019/12/05 v1.9 Rerun checks for auxiliary files (HO)

("C:\Program Files\MiKTeX\tex/generic/uniquecounter\uniquecounter.sty"
Package: uniquecounter 2019/12/15 v1.4 Provide unlimited unique counter (HO)
)
Package uniquecounter Info: New unique counter `rerunfilecheck' on input line 2
86.
)
\Hy@SectionHShift=\skip57
)
("C:\Program Files\MiKTeX\tex/latex/amsmath\amsmath.sty"
Package: amsmath 2020/09/23 v2.17i AMS math features
\@mathmargin=\skip58

For additional information on amsmath, use the `?' option.
("C:\Program Files\MiKTeX\tex/latex/amsmath\amstext.sty"
Package: amstext 2000/06/29 v2.01 AMS text

("C:\Program Files\MiKTeX\tex/latex/amsmath\amsgen.sty"
File: amsgen.sty 1999/11/30 v2.0 generic functions
\@emptytoks=\toks41
\ex@=\dimen293
))
("C:\Program Files\MiKTeX\tex/latex/amsmath\amsbsy.sty"
Package: amsbsy 1999/11/29 v1.2d Bold Symbols
\pmbraise@=\dimen294
)
("C:\Program Files\MiKTeX\tex/latex/amsmath\amsopn.sty"
Package: amsopn 2016/03/08 v2.02 operator names
)
\inf@bad=\count309
LaTeX Info: Redefining \frac on input line 234.
\uproot@=\count310
\leftroot@=\count311
LaTeX Info: Redefining \overline on input line 399.
\classnum@=\count312
\DOTSCASE@=\count313
LaTeX Info: Redefining \ldots on input line 496.
LaTeX Info: Redefining \dots on input line 499.
LaTeX Info: Redefining \cdots on input line 620.
\Mathstrutbox@=\box66
\strutbox@=\box67
\big@size=\dimen295
LaTeX Font Info:    Redeclaring font encoding OML on input line 743.
LaTeX Font Info:    Redeclaring font encoding OMS on input line 744.
\macc@depth=\count314
\c@MaxMatrixCols=\count315
\dotsspace@=\muskip17
\c@parentequation=\count316
\dspbrk@lvl=\count317
\tag@help=\toks42
\row@=\count318
\column@=\count319
\maxfields@=\count320
\andhelp@=\toks43
\eqnshift@=\dimen296
\alignsep@=\dimen297
\tagshift@=\dimen298
\tagwidth@=\dimen299
\totwidth@=\dimen300
\lineht@=\dimen301
\@envbody=\toks44
\multlinegap=\skip59
\multlinetaggap=\skip60
\mathdisplay@stack=\toks45
LaTeX Info: Redefining \[ on input line 2923.
LaTeX Info: Redefining \] on input line 2924.
)
("C:\Program Files\MiKTeX\tex/latex/jknappen\mathrsfs.sty"
Package: mathrsfs 1996/01/01 Math RSFS package v1.0 (jk)
\symrsfs=\mathgroup6
)
("C:\Program Files\MiKTeX\tex/latex/pdfpages\pdfpages.sty"
Package: pdfpages 2020/01/28 v0.5q Insert pages of external PDF documents (AM)

("C:\Program Files\MiKTeX\tex/latex/eso-pic\eso-pic.sty"
Package: eso-pic 2020/10/14 v3.0a eso-pic (RN)
\ESO@tempdima=\dimen302
\ESO@tempdimb=\dimen303
)
\AM@pagewidth=\dimen304
\AM@pageheight=\dimen305

("C:\Program Files\MiKTeX\tex/latex/pdfpages\pppdftex.def"
File: pppdftex.def 2020/01/28 v0.5q Pdfpages driver for pdfTeX (AM)
)
\AM@pagebox=\box68
\AM@global@opts=\toks46
\AM@pagecnt=\count321
\AM@toc@title=\toks47
\c@AM@survey=\count322
\AM@templatesizebox=\box69
)
LaTeX Font Info:    Trying to load font information for OT1+ptm on input line 2
6.

("C:\Program Files\MiKTeX\tex/latex/psnfss\ot1ptm.fd"
File: ot1ptm.fd 2001/06/04 font definitions for OT1/ptm.
)
("C:\Program Files\MiKTeX\tex/latex/l3backend\l3backend-pdftex.def"
File: l3backend-pdftex.def 2020-09-24 L3 backend support: PDF output (pdfTeX)
\l__kernel_color_stack_int=\count323
\l__pdf_internal_box=\box70
) (final.aux)
\openout1 = `final.aux'.

LaTeX Font Info:    Checking defaults for OML/cmm/m/it on input line 26.
LaTeX Font Info:    ... okay on input line 26.
LaTeX Font Info:    Checking defaults for OMS/cmsy/m/n on input line 26.
LaTeX Font Info:    ... okay on input line 26.
LaTeX Font Info:    Checking defaults for OT1/cmr/m/n on input line 26.
LaTeX Font Info:    ... okay on input line 26.
LaTeX Font Info:    Checking defaults for T1/cmr/m/n on input line 26.
LaTeX Font Info:    ... okay on input line 26.
LaTeX Font Info:    Checking defaults for TS1/cmr/m/n on input line 26.
LaTeX Font Info:    ... okay on input line 26.
LaTeX Font Info:    Checking defaults for OMX/cmex/m/n on input line 26.
LaTeX Font Info:    ... okay on input line 26.
LaTeX Font Info:    Checking defaults for U/cmr/m/n on input line 26.
LaTeX Font Info:    ... okay on input line 26.
LaTeX Font Info:    Checking defaults for PD1/pdf/m/n on input line 26.
LaTeX Font Info:    ... okay on input line 26.
 ("C:\Program Files\MiKTeX\tex/context/base/mkii\supp-pdf.mkii"
[Loading MPS to PDF converter (version 2006.09.02).]
\scratchcounter=\count324
\scratchdimen=\dimen306
\scratchbox=\box71
\nofMPsegments=\count325
\nofMParguments=\count326
\everyMPshowfont=\toks48
\MPscratchCnt=\count327
\MPscratchDim=\dimen307
\MPnumerator=\count328
\makeMPintoPDFobject=\count329
\everyMPtoPDFconversion=\toks49
) ("C:\Program Files\MiKTeX\tex/latex/epstopdf-pkg\epstopdf-base.sty"
Package: epstopdf-base 2020-01-24 v2.11 Base part for package epstopdf
Package epstopdf-base Info: Redefining graphics rule for `.eps' on input line 4
85.
)

Package pgfplots Warning: running in backwards compatibility mode (unsuitable t
ick labels; missing features). Consider writing \pgfplotsset{compat=1.17} into 
your preamble.
 on input line 26.

*geometry* driver: auto-detecting
*geometry* detected driver: pdftex
*geometry* verbose mode - [ preamble ] result:
* driver: pdftex
* paper: a4paper
* layout: <same size as paper>
* layoutoffset:(h,v)=(0.0pt,0.0pt)
* modes: includefoot 
* h-part:(L,W,R)=(56.9055pt, 483.69684pt, 56.90553pt)
* v-part:(T,H,B)=(56.9055pt, 731.23573pt, 56.90561pt)
* \paperwidth=597.50787pt
* \paperheight=845.04684pt
* \textwidth=483.69684pt
* \textheight=701.23573pt
* \oddsidemargin=-15.36449pt
* \evensidemargin=-15.36449pt
* \topmargin=-52.36449pt
* \headheight=12.0pt
* \headsep=25.0pt
* \topskip=10.0pt
* \footskip=30.0pt
* \marginparwidth=65.0pt
* \marginparsep=11.0pt
* \columnsep=10.0pt
* \skip\footins=9.0pt plus 4.0pt minus 2.0pt
* \hoffset=0.0pt
* \voffset=0.0pt
* \mag=1000
* \@twocolumnfalse
* \@twosidefalse
* \@mparswitchfalse
* \@reversemarginfalse
* (1in=72.27pt=25.4mm, 1cm=28.453pt)

Package hyperref Info: Link coloring OFF on input line 26.
("C:\Program Files\MiKTeX\tex/latex/hyperref\nameref.sty"
Package: nameref 2019/09/16 v2.46 Cross-referencing by name of section

("C:\Program Files\MiKTeX\tex/latex/refcount\refcount.sty"
Package: refcount 2019/12/15 v3.6 Data extraction from label references (HO)
)
("C:\Program Files\MiKTeX\tex/generic/gettitlestring\gettitlestring.sty"
Package: gettitlestring 2019/12/15 v1.6 Cleanup title references (HO)
)
\c@section@level=\count330
)
LaTeX Info: Redefining \ref on input line 26.
LaTeX Info: Redefining \pageref on input line 26.
LaTeX Info: Redefining \nameref on input line 26.

(final.out) (final.out)
\@outlinefile=\write5
\openout5 = `final.out'.


("C:\Program Files\MiKTeX\tex/latex/pdflscape\pdflscape.sty"
Package: pdflscape 2019/12/05 v0.12 Display of landscape pages in PDF (HO)

("C:\Program Files\MiKTeX\tex/latex/graphics\lscape.sty"
Package: lscape 2020/05/28 v3.02 Landscape Pages (DPC)
)
Package pdflscape Info: Auto-detected driver: pdftex on input line 81.
) (titlepage.tex
<./Graphics/FAV_logo.pdf, id=82, 113.81102pt x 62.59607pt>
File: ./Graphics/FAV_logo.pdf Graphic file (type pdf)
<use ./Graphics/FAV_logo.pdf>
Package pdftex.def Info: ./Graphics/FAV_logo.pdf  used on input line 12.
(pdftex.def)             Requested size: 241.84842pt x 133.03252pt.

[1

{C:/Users/Filip_Jasek/AppData/Local/MiKTeX/pdftex/config/pdftex.map} <./Graphic
s/FAV_logo.pdf>]) (final.toc
LaTeX Font Info:    Trying to load font information for OT1+ztmcm on input line
 3.

("C:\Program Files\MiKTeX\tex/latex/psnfss\ot1ztmcm.fd"
File: ot1ztmcm.fd 2000/01/03 Fontinst v1.801 font definitions for OT1/ztmcm.
)
LaTeX Font Info:    Trying to load font information for OML+ztmcm on input line
 3.

("C:\Program Files\MiKTeX\tex/latex/psnfss\omlztmcm.fd"
File: omlztmcm.fd 2000/01/03 Fontinst v1.801 font definitions for OML/ztmcm.
)
LaTeX Font Info:    Trying to load font information for OMS+ztmcm on input line
 3.

("C:\Program Files\MiKTeX\tex/latex/psnfss\omsztmcm.fd"
File: omsztmcm.fd 2000/01/03 Fontinst v1.801 font definitions for OMS/ztmcm.
)
LaTeX Font Info:    Trying to load font information for OMX+ztmcm on input line
 3.

("C:\Program Files\MiKTeX\tex/latex/psnfss\omxztmcm.fd"
File: omxztmcm.fd 2000/01/03 Fontinst v1.801 font definitions for OMX/ztmcm.
)
LaTeX Font Info:    Font shape `OT1/ptm/bx/n' in size <10> not available
(Font)              Font shape `OT1/ptm/b/n' tried instead on input line 3.
LaTeX Font Info:    Font shape `OT1/ptm/bx/n' in size <7.4> not available
(Font)              Font shape `OT1/ptm/b/n' tried instead on input line 3.
LaTeX Font Info:    Font shape `OT1/ptm/bx/n' in size <6> not available
(Font)              Font shape `OT1/ptm/b/n' tried instead on input line 3.
LaTeX Font Info:    Trying to load font information for U+rsfs on input line 3.


("C:\Program Files\MiKTeX\tex/latex/jknappen\ursfs.fd"
File: ursfs.fd 1998/03/24 rsfs font definition file (jk)
))
\tf@toc=\write6
\openout6 = `final.toc'.

pdfTeX warning (ext4): destination with the same identifier (name{page.1}) has 
been already used, duplicate ignored
<to be read again> 
                   \relax 
l.31 	\newpage
               [1]
<./Graphics/ls1.pdf, id=112, 597.50829pt x 845.0471pt>
File: ./Graphics/ls1.pdf Graphic file (type pdf)
<use ./Graphics/ls1.pdf>
Package pdftex.def Info: ./Graphics/ls1.pdf  used on input line 33.
(pdftex.def)             Requested size: 597.50682pt x 845.04504pt.
File: ./Graphics/ls1.pdf Graphic file (type pdf)
<use ./Graphics/ls1.pdf>
Package pdftex.def Info: ./Graphics/ls1.pdf  used on input line 33.
(pdftex.def)             Requested size: 597.50682pt x 845.04504pt.
File: ./Graphics/ls1.pdf Graphic file (type pdf)
<use ./Graphics/ls1.pdf>
Package pdftex.def Info: ./Graphics/ls1.pdf  used on input line 33.
(pdftex.def)             Requested size: 597.50682pt x 845.04504pt.
<./Graphics/ls1.pdf, id=116, page=1, 597.50829pt x 845.0471pt>
File: ./Graphics/ls1.pdf Graphic file (type pdf)
<use ./Graphics/ls1.pdf, page 1>
Package pdftex.def Info: ./Graphics/ls1.pdf , page1 used on input line 33.
(pdftex.def)             Requested size: 597.50682pt x 845.04504pt.
File: ./Graphics/ls1.pdf Graphic file (type pdf)
<use ./Graphics/ls1.pdf, page 1>
Package pdftex.def Info: ./Graphics/ls1.pdf , page1 used on input line 33.
(pdftex.def)             Requested size: 597.53416pt x 845.08372pt.
File: ./Graphics/ls1.pdf Graphic file (type pdf)
<use ./Graphics/ls1.pdf, page 1>
Package pdftex.def Info: ./Graphics/ls1.pdf , page1 used on input line 33.
(pdftex.def)             Requested size: 597.53416pt x 845.08372pt.
File: ./Graphics/ls1.pdf Graphic file (type pdf)
<use ./Graphics/ls1.pdf, page 1>
Package pdftex.def Info: ./Graphics/ls1.pdf , page1 used on input line 33.
(pdftex.def)             Requested size: 597.53416pt x 845.08372pt.
File: ./Graphics/ls1.pdf Graphic file (type pdf)
<use ./Graphics/ls1.pdf, page 1>
Package pdftex.def Info: ./Graphics/ls1.pdf , page1 used on input line 33.
(pdftex.def)             Requested size: 597.53416pt x 845.08372pt.
 [2 <./Graphics/ls1.pdf>]
<./Graphics/ls1.pdf, id=176, page=2, 597.50829pt x 845.0471pt>
File: ./Graphics/ls1.pdf Graphic file (type pdf)
<use ./Graphics/ls1.pdf, page 2>
Package pdftex.def Info: ./Graphics/ls1.pdf , page2 used on input line 33.
(pdftex.def)             Requested size: 597.53416pt x 845.08372pt.
File: ./Graphics/ls1.pdf Graphic file (type pdf)
<use ./Graphics/ls1.pdf, page 2>
Package pdftex.def Info: ./Graphics/ls1.pdf , page2 used on input line 33.
(pdftex.def)             Requested size: 597.53416pt x 845.08372pt.
File: ./Graphics/ls1.pdf Graphic file (type pdf)
<use ./Graphics/ls1.pdf, page 2>
Package pdftex.def Info: ./Graphics/ls1.pdf , page2 used on input line 33.
(pdftex.def)             Requested size: 597.53416pt x 845.08372pt.
 [3 <./Graphics/ls1.pdf>]

Package hyperref Warning: Composite letter `\textasciicaron+c'
(hyperref)                not defined in PD1 encoding,
(hyperref)                removing `\textasciicaron' on input line 35.


Package hyperref Warning: Composite letter `\textasciicaron+c'
(hyperref)                not defined in PD1 encoding,
(hyperref)                removing `\textasciicaron' on input line 36.


Package hyperref Warning: Composite letter `\textasciicaron+r'
(hyperref)                not defined in PD1 encoding,
(hyperref)                removing `\textasciicaron' on input line 36.


Package hyperref Warning: Composite letter `\textasciicaron+e'
(hyperref)                not defined in PD1 encoding,
(hyperref)                removing `\textasciicaron' on input line 36.


Package hyperref Warning: Composite letter `\textasciicaron+c'
(hyperref)                not defined in PD1 encoding,
(hyperref)                removing `\textasciicaron' on input line 76.

[4] [5] [6]

Package hyperref Warning: Composite letter `\textring+u'
(hyperref)                not defined in PD1 encoding,
(hyperref)                removing `\textring' on input line 315.


Package hyperref Warning: Composite letter `\textring+u'
(hyperref)                not defined in PD1 encoding,
(hyperref)                removing `\textring' on input line 315.

Package epstopdf Info: Source file: <./Graphics/graphs/C/c_prac_bod_-0.05.eps>
(epstopdf)                    date: 2020-12-31 17:39:59
(epstopdf)                    size: 34312 bytes
(epstopdf)             Output file: <./Graphics/graphs/C/c_prac_bod_-0.05-eps-c
onverted-to.pdf>
(epstopdf)                    date: 2020-12-31 17:39:59
(epstopdf)                    size: 12182 bytes
(epstopdf)             Command: <epstopdf --outfile=./Graphics/graphs/C/c_prac_
bod_-0.05-eps-converted-to.pdf ./Graphics/graphs/C/c_prac_bod_-0.05.eps>
(epstopdf)             \includegraphics on input line 319.
Package epstopdf Info: Output file is already uptodate.


pdfTeX warning: pdflatex.exe (file ./Graphics/graphs/C/c_prac_bod_-0.05-eps-con
verted-to.pdf): PDF inclusion: found PDF version <1.7>, but at most version <1.
5> allowed
<./Graphics/graphs/C/c_prac_bod_-0.05-eps-converted-to.pdf, id=201, 421.575pt x
 316.18124pt>
File: ./Graphics/graphs/C/c_prac_bod_-0.05-eps-converted-to.pdf Graphic file (t
ype pdf)
<use ./Graphics/graphs/C/c_prac_bod_-0.05-eps-converted-to.pdf>
Package pdftex.def Info: ./Graphics/graphs/C/c_prac_bod_-0.05-eps-converted-to.
pdf  used on input line 319.
(pdftex.def)             Requested size: 411.14526pt x 308.36472pt.
Package epstopdf Info: Source file: <./Graphics/graphs/C/c_prac_bod_0.05.eps>
(epstopdf)                    date: 2020-12-31 17:39:59
(epstopdf)                    size: 34210 bytes
(epstopdf)             Output file: <./Graphics/graphs/C/c_prac_bod_0.05-eps-co
nverted-to.pdf>
(epstopdf)                    date: 2020-12-31 17:39:59
(epstopdf)                    size: 11755 bytes
(epstopdf)             Command: <epstopdf --outfile=./Graphics/graphs/C/c_prac_
bod_0.05-eps-converted-to.pdf ./Graphics/graphs/C/c_prac_bod_0.05.eps>
(epstopdf)             \includegraphics on input line 320.
Package epstopdf Info: Output file is already uptodate.


pdfTeX warning: pdflatex.exe (file ./Graphics/graphs/C/c_prac_bod_0.05-eps-conv
erted-to.pdf): PDF inclusion: found PDF version <1.7>, but at most version <1.5
> allowed
<./Graphics/graphs/C/c_prac_bod_0.05-eps-converted-to.pdf, id=202, 421.575pt x 
316.18124pt>
File: ./Graphics/graphs/C/c_prac_bod_0.05-eps-converted-to.pdf Graphic file (ty
pe pdf)
<use ./Graphics/graphs/C/c_prac_bod_0.05-eps-converted-to.pdf>
Package pdftex.def Info: ./Graphics/graphs/C/c_prac_bod_0.05-eps-converted-to.p
df  used on input line 320.
(pdftex.def)             Requested size: 411.14526pt x 308.36472pt.
Package epstopdf Info: Source file: <./Graphics/graphs/C/c_prac_bod_-0.20.eps>
(epstopdf)                    date: 2020-12-16 15:20:35
(epstopdf)                    size: 34419 bytes
(epstopdf)             Output file: <./Graphics/graphs/C/c_prac_bod_-0.20-eps-c
onverted-to.pdf>
(epstopdf)                    date: 2020-12-16 15:29:34
(epstopdf)                    size: 12015 bytes
(epstopdf)             Command: <epstopdf --outfile=./Graphics/graphs/C/c_prac_
bod_-0.20-eps-converted-to.pdf ./Graphics/graphs/C/c_prac_bod_-0.20.eps>
(epstopdf)             \includegraphics on input line 326.
Package epstopdf Info: Output file is already uptodate.


pdfTeX warning: pdflatex.exe (file ./Graphics/graphs/C/c_prac_bod_-0.20-eps-con
verted-to.pdf): PDF inclusion: found PDF version <1.7>, but at most version <1.
5> allowed
<./Graphics/graphs/C/c_prac_bod_-0.20-eps-converted-to.pdf, id=203, 421.575pt x
 316.18124pt>
File: ./Graphics/graphs/C/c_prac_bod_-0.20-eps-converted-to.pdf Graphic file (t
ype pdf)
<use ./Graphics/graphs/C/c_prac_bod_-0.20-eps-converted-to.pdf>
Package pdftex.def Info: ./Graphics/graphs/C/c_prac_bod_-0.20-eps-converted-to.
pdf  used on input line 326.
(pdftex.def)             Requested size: 411.14526pt x 308.36472pt.
Package epstopdf Info: Source file: <./Graphics/graphs/C/c_prac_bod_0.20.eps>
(epstopdf)                    date: 2020-12-17 16:02:05
(epstopdf)                    size: 33210 bytes
(epstopdf)             Output file: <./Graphics/graphs/C/c_prac_bod_0.20-eps-co
nverted-to.pdf>
(epstopdf)                    date: 2020-12-17 16:05:23
(epstopdf)                    size: 11937 bytes
(epstopdf)             Command: <epstopdf --outfile=./Graphics/graphs/C/c_prac_
bod_0.20-eps-converted-to.pdf ./Graphics/graphs/C/c_prac_bod_0.20.eps>
(epstopdf)             \includegraphics on input line 327.
Package epstopdf Info: Output file is already uptodate.


pdfTeX warning: pdflatex.exe (file ./Graphics/graphs/C/c_prac_bod_0.20-eps-conv
erted-to.pdf): PDF inclusion: found PDF version <1.7>, but at most version <1.5
> allowed
<./Graphics/graphs/C/c_prac_bod_0.20-eps-converted-to.pdf, id=204, 421.575pt x 
316.18124pt>
File: ./Graphics/graphs/C/c_prac_bod_0.20-eps-converted-to.pdf Graphic file (ty
pe pdf)
<use ./Graphics/graphs/C/c_prac_bod_0.20-eps-converted-to.pdf>
Package pdftex.def Info: ./Graphics/graphs/C/c_prac_bod_0.20-eps-converted-to.p
df  used on input line 327.
(pdftex.def)             Requested size: 411.14526pt x 308.36472pt.
[7 <./Graphics/graphs/C/c_prac_bod_-0.05-eps-converted-to.pdf> <./Graphics/grap
hs/C/c_prac_bod_0.05-eps-converted-to.pdf>] [8 <./Graphics/graphs/C/c_prac_bod_
-0.20-eps-converted-to.pdf> <./Graphics/graphs/C/c_prac_bod_0.20-eps-converted-
to.pdf>]
Package epstopdf Info: Source file: <./Graphics/graphs/C/c_100.eps>
(epstopdf)                    date: 2020-12-31 17:39:59
(epstopdf)                    size: 29613 bytes
(epstopdf)             Output file: <./Graphics/graphs/C/c_100-eps-converted-to
.pdf>
(epstopdf)                    date: 2020-12-31 17:39:59
(epstopdf)                    size: 11999 bytes
(epstopdf)             Command: <epstopdf --outfile=./Graphics/graphs/C/c_100-e
ps-converted-to.pdf ./Graphics/graphs/C/c_100.eps>
(epstopdf)             \includegraphics on input line 335.
Package epstopdf Info: Output file is already uptodate.


pdfTeX warning: pdflatex.exe (file ./Graphics/graphs/C/c_100-eps-converted-to.p
df): PDF inclusion: found PDF version <1.7>, but at most version <1.5> allowed
<./Graphics/graphs/C/c_100-eps-converted-to.pdf, id=248, 421.575pt x 316.18124p
t>
File: ./Graphics/graphs/C/c_100-eps-converted-to.pdf Graphic file (type pdf)
<use ./Graphics/graphs/C/c_100-eps-converted-to.pdf>
Package pdftex.def Info: ./Graphics/graphs/C/c_100-eps-converted-to.pdf  used o
n input line 335.
(pdftex.def)             Requested size: 411.14526pt x 308.36472pt.
Package epstopdf Info: Source file: <./Graphics/graphs/C/c_stat_char.eps>
(epstopdf)                    date: 2020-12-28 23:00:00
(epstopdf)                    size: 36245 bytes
(epstopdf)             Output file: <./Graphics/graphs/C/c_stat_char-eps-conver
ted-to.pdf>
(epstopdf)                    date: 2020-12-28 23:00:00
(epstopdf)                    size: 13935 bytes
(epstopdf)             Command: <epstopdf --outfile=./Graphics/graphs/C/c_stat_
char-eps-converted-to.pdf ./Graphics/graphs/C/c_stat_char.eps>
(epstopdf)             \includegraphics on input line 340.
Package epstopdf Info: Output file is already uptodate.


pdfTeX warning: pdflatex.exe (file ./Graphics/graphs/C/c_stat_char-eps-converte
d-to.pdf): PDF inclusion: found PDF version <1.7>, but at most version <1.5> al
lowed
<./Graphics/graphs/C/c_stat_char-eps-converted-to.pdf, id=249, 421.575pt x 316.
18124pt>
File: ./Graphics/graphs/C/c_stat_char-eps-converted-to.pdf Graphic file (type p
df)
<use ./Graphics/graphs/C/c_stat_char-eps-converted-to.pdf>
Package pdftex.def Info: ./Graphics/graphs/C/c_stat_char-eps-converted-to.pdf  
used on input line 340.
(pdftex.def)             Requested size: 411.14526pt x 308.36472pt.
[9 <./Graphics/graphs/C/c_100-eps-converted-to.pdf>]
Package epstopdf Info: Source file: <./Graphics/graphs/C/c_stat_char2.eps>
(epstopdf)                    date: 2021-01-13 22:45:48
(epstopdf)                    size: 45771 bytes
(epstopdf)             Output file: <./Graphics/graphs/C/c_stat_char2-eps-conve
rted-to.pdf>
(epstopdf)                    date: 2021-01-14 10:28:56
(epstopdf)                    size: 15601 bytes
(epstopdf)             Command: <epstopdf --outfile=./Graphics/graphs/C/c_stat_
char2-eps-converted-to.pdf ./Graphics/graphs/C/c_stat_char2.eps>
(epstopdf)             \includegraphics on input line 348.
Package epstopdf Info: Output file is already uptodate.


pdfTeX warning: pdflatex.exe (file ./Graphics/graphs/C/c_stat_char2-eps-convert
ed-to.pdf): PDF inclusion: found PDF version <1.7>, but at most version <1.5> a
llowed
<./Graphics/graphs/C/c_stat_char2-eps-converted-to.pdf, id=265, 421.575pt x 316
.18124pt>
File: ./Graphics/graphs/C/c_stat_char2-eps-converted-to.pdf Graphic file (type 
pdf)
<use ./Graphics/graphs/C/c_stat_char2-eps-converted-to.pdf>
Package pdftex.def Info: ./Graphics/graphs/C/c_stat_char2-eps-converted-to.pdf 
 used on input line 348.
(pdftex.def)             Requested size: 411.14526pt x 308.36472pt.
[10 <./Graphics/graphs/C/c_stat_char-eps-converted-to.pdf>]

Package hyperref Warning: Composite letter `\textasciicaron+c'
(hyperref)                not defined in PD1 encoding,
(hyperref)                removing `\textasciicaron' on input line 354.


Package hyperref Warning: Composite letter `\textasciicaron+r'
(hyperref)                not defined in PD1 encoding,
(hyperref)                removing `\textasciicaron' on input line 354.

[11 <./Graphics/graphs/C/c_stat_char2-eps-converted-to.pdf>]
Underfull \hbox (badness 10000) in paragraph at lines 379--381

 []

Package epstopdf Info: Source file: <./Graphics/graphs/D/d_imp_char.eps>
(epstopdf)                    date: 2020-12-16 18:47:16
(epstopdf)                    size: 36545 bytes
(epstopdf)             Output file: <./Graphics/graphs/D/d_imp_char-eps-convert
ed-to.pdf>
(epstopdf)                    date: 2020-12-16 19:00:27
(epstopdf)                    size: 35229 bytes
(epstopdf)             Command: <epstopdf --outfile=./Graphics/graphs/D/d_imp_c
har-eps-converted-to.pdf ./Graphics/graphs/D/d_imp_char.eps>
(epstopdf)             \includegraphics on input line 390.
Package epstopdf Info: Output file is already uptodate.


pdfTeX warning: pdflatex.exe (file ./Graphics/graphs/D/d_imp_char-eps-converted
-to.pdf): PDF inclusion: found PDF version <1.7>, but at most version <1.5> all
owed
<./Graphics/graphs/D/d_imp_char-eps-converted-to.pdf, id=293, 421.575pt x 316.1
8124pt>
File: ./Graphics/graphs/D/d_imp_char-eps-converted-to.pdf Graphic file (type pd
f)
<use ./Graphics/graphs/D/d_imp_char-eps-converted-to.pdf>
Package pdftex.def Info: ./Graphics/graphs/D/d_imp_char-eps-converted-to.pdf  u
sed on input line 390.
(pdftex.def)             Requested size: 386.95894pt x 290.22449pt.
Package epstopdf Info: Source file: <./Graphics/graphs/D/d_prech_char.eps>
(epstopdf)                    date: 2020-12-31 17:39:59
(epstopdf)                    size: 37898 bytes
(epstopdf)             Output file: <./Graphics/graphs/D/d_prech_char-eps-conve
rted-to.pdf>
(epstopdf)                    date: 2020-12-31 17:39:59
(epstopdf)                    size: 36105 bytes
(epstopdf)             Command: <epstopdf --outfile=./Graphics/graphs/D/d_prech
_char-eps-converted-to.pdf ./Graphics/graphs/D/d_prech_char.eps>
(epstopdf)             \includegraphics on input line 396.
Package epstopdf Info: Output file is already uptodate.


pdfTeX warning: pdflatex.exe (file ./Graphics/graphs/D/d_prech_char-eps-convert
ed-to.pdf): PDF inclusion: found PDF version <1.7>, but at most version <1.5> a
llowed
<./Graphics/graphs/D/d_prech_char-eps-converted-to.pdf, id=294, 421.575pt x 316
.18124pt>
File: ./Graphics/graphs/D/d_prech_char-eps-converted-to.pdf Graphic file (type 
pdf)
<use ./Graphics/graphs/D/d_prech_char-eps-converted-to.pdf>
Package pdftex.def Info: ./Graphics/graphs/D/d_prech_char-eps-converted-to.pdf 
 used on input line 396.
(pdftex.def)             Requested size: 386.95894pt x 290.22449pt.
[12 <./Graphics/graphs/D/d_imp_char-eps-converted-to.pdf>]
Underfull \hbox (badness 10000) in paragraph at lines 402--405

 []

[13 <./Graphics/graphs/D/d_prech_char-eps-converted-to.pdf>]
Package epstopdf Info: Source file: <./Graphics/graphs/E/Imp_char_porovnani.eps
>
(epstopdf)                    date: 2021-01-13 22:51:27
(epstopdf)                    size: 36224 bytes
(epstopdf)             Output file: <./Graphics/graphs/E/Imp_char_porovnani-eps
-converted-to.pdf>
(epstopdf)                    date: 2021-01-14 10:42:09
(epstopdf)                    size: 34796 bytes
(epstopdf)             Command: <epstopdf --outfile=./Graphics/graphs/E/Imp_cha
r_porovnani-eps-converted-to.pdf ./Graphics/graphs/E/Imp_char_porovnani.eps>
(epstopdf)             \includegraphics on input line 503.
Package epstopdf Info: Output file is already uptodate.


pdfTeX warning: pdflatex.exe (file ./Graphics/graphs/E/Imp_char_porovnani-eps-c
onverted-to.pdf): PDF inclusion: found PDF version <1.7>, but at most version <
1.5> allowed
<./Graphics/graphs/E/Imp_char_porovnani-eps-converted-to.pdf, id=320, 421.575pt
 x 316.18124pt>
File: ./Graphics/graphs/E/Imp_char_porovnani-eps-converted-to.pdf Graphic file 
(type pdf)
<use ./Graphics/graphs/E/Imp_char_porovnani-eps-converted-to.pdf>
Package pdftex.def Info: ./Graphics/graphs/E/Imp_char_porovnani-eps-converted-t
o.pdf  used on input line 503.
(pdftex.def)             Requested size: 386.95894pt x 290.22449pt.
Package epstopdf Info: Source file: <./Graphics/graphs/E/Prech_char_porovnani.e
ps>
(epstopdf)                    date: 2021-01-13 22:51:08
(epstopdf)                    size: 35396 bytes
(epstopdf)             Output file: <./Graphics/graphs/E/Prech_char_porovnani-e
ps-converted-to.pdf>
(epstopdf)                    date: 2021-01-14 10:42:10
(epstopdf)                    size: 33912 bytes
(epstopdf)             Command: <epstopdf --outfile=./Graphics/graphs/E/Prech_c
har_porovnani-eps-converted-to.pdf ./Graphics/graphs/E/Prech_char_porovnani.eps
>
(epstopdf)             \includegraphics on input line 508.
Package epstopdf Info: Output file is already uptodate.


pdfTeX warning: pdflatex.exe (file ./Graphics/graphs/E/Prech_char_porovnani-eps
-converted-to.pdf): PDF inclusion: found PDF version <1.7>, but at most version
 <1.5> allowed
<./Graphics/graphs/E/Prech_char_porovnani-eps-converted-to.pdf, id=321, 421.575
pt x 316.18124pt>
File: ./Graphics/graphs/E/Prech_char_porovnani-eps-converted-to.pdf Graphic fil
e (type pdf)
<use ./Graphics/graphs/E/Prech_char_porovnani-eps-converted-to.pdf>
Package pdftex.def Info: ./Graphics/graphs/E/Prech_char_porovnani-eps-converted
-to.pdf  used on input line 508.
(pdftex.def)             Requested size: 386.95894pt x 290.22449pt.
[14] [15 <./Graphics/graphs/E/Imp_char_porovnani-eps-converted-to.pdf> <./Graph
ics/graphs/E/Prech_char_porovnani-eps-converted-to.pdf>]
Underfull \hbox (badness 10000) in paragraph at lines 528--535

 []


Underfull \hbox (badness 10000) in paragraph at lines 580--581

 []

[16]

Package hyperref Warning: Composite letter `\textasciicaron+c'
(hyperref)                not defined in PD1 encoding,
(hyperref)                removing `\textasciicaron' on input line 582.


Package hyperref Warning: Composite letter `\textasciicaron+r'
(hyperref)                not defined in PD1 encoding,
(hyperref)                removing `\textasciicaron' on input line 585.


Overfull \hbox (24.01906pt too wide) in paragraph at lines 590--592
\OT1/ptm/m/n/10 Jeliko[]z je v[]ystup t[]eto di-fe-renci[]aln[] rov-nice ($\OM
L/ztmcm/m/it/10 y\OT1/ztmcm/m/n/10 (\OML/ztmcm/m/it/10 t\OT1/ztmcm/m/n/10 )$\OT
1/ptm/m/n/10 ) z[]arove[]n vstu-pem do na[]seho p[]uvodn[]ho li-nea-ri-zo-van[
]eho syst[]emu, p[]rejmenujeme
 []

[17]

Package hyperref Warning: Composite letter `\textasciicaron+R'
(hyperref)                not defined in PD1 encoding,
(hyperref)                removing `\textasciicaron' on input line 661.

[18]
LaTeX Font Info:    Trying to load font information for OML+ptm on input line 7
00.
 ("C:\Program Files\MiKTeX\tex/latex/psnfss\omlptm.fd"
File: omlptm.fd 
)
LaTeX Font Info:    Font shape `OML/ptm/m/n' in size <10> not available
(Font)              Font shape `OML/cmm/m/it' tried instead on input line 700.
Package epstopdf Info: Source file: <./Graphics/graphs/C2/srovnani_reg_a_nereg_
soustavy.eps>
(epstopdf)                    date: 2020-12-31 19:57:58
(epstopdf)                    size: 38989 bytes
(epstopdf)             Output file: <./Graphics/graphs/C2/srovnani_reg_a_nereg_
soustavy-eps-converted-to.pdf>
(epstopdf)                    date: 2020-12-31 22:30:15
(epstopdf)                    size: 37904 bytes
(epstopdf)             Command: <epstopdf --outfile=./Graphics/graphs/C2/srovna
ni_reg_a_nereg_soustavy-eps-converted-to.pdf ./Graphics/graphs/C2/srovnani_reg_
a_nereg_soustavy.eps>
(epstopdf)             \includegraphics on input line 706.
Package epstopdf Info: Output file is already uptodate.


pdfTeX warning: pdflatex.exe (file ./Graphics/graphs/C2/srovnani_reg_a_nereg_so
ustavy-eps-converted-to.pdf): PDF inclusion: found PDF version <1.7>, but at mo
st version <1.5> allowed
<./Graphics/graphs/C2/srovnani_reg_a_nereg_soustavy-eps-converted-to.pdf, id=35
9, 421.575pt x 316.18124pt>
File: ./Graphics/graphs/C2/srovnani_reg_a_nereg_soustavy-eps-converted-to.pdf G
raphic file (type pdf)
<use ./Graphics/graphs/C2/srovnani_reg_a_nereg_soustavy-eps-converted-to.pdf>
Package pdftex.def Info: ./Graphics/graphs/C2/srovnani_reg_a_nereg_soustavy-eps
-converted-to.pdf  used on input line 706.
(pdftex.def)             Requested size: 338.5863pt x 253.944pt.

Underfull \hbox (badness 10000) in paragraph at lines 699--709

 []

Package epstopdf Info: Source file: <./Graphics/graphs/C2/vystup_rizeni.eps>
(epstopdf)                    date: 2020-12-31 19:57:58
(epstopdf)                    size: 18965 bytes
(epstopdf)             Output file: <./Graphics/graphs/C2/vystup_rizeni-eps-con
verted-to.pdf>
(epstopdf)                    date: 2020-12-31 22:30:16
(epstopdf)                    size: 9041 bytes
(epstopdf)             Command: <epstopdf --outfile=./Graphics/graphs/C2/vystup
_rizeni-eps-converted-to.pdf ./Graphics/graphs/C2/vystup_rizeni.eps>
(epstopdf)             \includegraphics on input line 712.
Package epstopdf Info: Output file is already uptodate.


pdfTeX warning: pdflatex.exe (file ./Graphics/graphs/C2/vystup_rizeni-eps-conve
rted-to.pdf): PDF inclusion: found PDF version <1.7>, but at most version <1.5>
 allowed
<./Graphics/graphs/C2/vystup_rizeni-eps-converted-to.pdf, id=360, 421.575pt x 3
16.18124pt>
File: ./Graphics/graphs/C2/vystup_rizeni-eps-converted-to.pdf Graphic file (typ
e pdf)
<use ./Graphics/graphs/C2/vystup_rizeni-eps-converted-to.pdf>
Package pdftex.def Info: ./Graphics/graphs/C2/vystup_rizeni-eps-converted-to.pd
f  used on input line 712.
(pdftex.def)             Requested size: 338.5863pt x 253.944pt.
[19 <./Graphics/graphs/C2/srovnani_reg_a_nereg_soustavy-eps-converted-to.pdf>]
Package epstopdf Info: Source file: <./Graphics/graphs/C2/odezva_harm_0.01.eps>

(epstopdf)                    date: 2020-12-31 19:57:58
(epstopdf)                    size: 159385 bytes
(epstopdf)             Output file: <./Graphics/graphs/C2/odezva_harm_0.01-eps-
converted-to.pdf>
(epstopdf)                    date: 2020-12-31 22:30:17
(epstopdf)                    size: 58596 bytes
(epstopdf)             Command: <epstopdf --outfile=./Graphics/graphs/C2/odezva
_harm_0.01-eps-converted-to.pdf ./Graphics/graphs/C2/odezva_harm_0.01.eps>
(epstopdf)             \includegraphics on input line 727.
Package epstopdf Info: Output file is already uptodate.


pdfTeX warning: pdflatex.exe (file ./Graphics/graphs/C2/odezva_harm_0.01-eps-co
nverted-to.pdf): PDF inclusion: found PDF version <1.7>, but at most version <1
.5> allowed
<./Graphics/graphs/C2/odezva_harm_0.01-eps-converted-to.pdf, id=374, 421.575pt 
x 316.18124pt>
File: ./Graphics/graphs/C2/odezva_harm_0.01-eps-converted-to.pdf Graphic file (
type pdf)
<use ./Graphics/graphs/C2/odezva_harm_0.01-eps-converted-to.pdf>
Package pdftex.def Info: ./Graphics/graphs/C2/odezva_harm_0.01-eps-converted-to
.pdf  used on input line 727.
(pdftex.def)             Requested size: 290.22105pt x 217.66837pt.

Underfull \hbox (badness 10000) in paragraph at lines 716--730

 []

Package epstopdf Info: Source file: <./Graphics/graphs/C2/odezva_harm_0.05.eps>

(epstopdf)                    date: 2020-12-31 19:57:58
(epstopdf)                    size: 64172 bytes
(epstopdf)             Output file: <./Graphics/graphs/C2/odezva_harm_0.05-eps-
converted-to.pdf>
(epstopdf)                    date: 2020-12-31 22:30:18
(epstopdf)                    size: 25777 bytes
(epstopdf)             Command: <epstopdf --outfile=./Graphics/graphs/C2/odezva
_harm_0.05-eps-converted-to.pdf ./Graphics/graphs/C2/odezva_harm_0.05.eps>
(epstopdf)             \includegraphics on input line 743.
Package epstopdf Info: Output file is already uptodate.


pdfTeX warning: pdflatex.exe (file ./Graphics/graphs/C2/odezva_harm_0.05-eps-co
nverted-to.pdf): PDF inclusion: found PDF version <1.7>, but at most version <1
.5> allowed
<./Graphics/graphs/C2/odezva_harm_0.05-eps-converted-to.pdf, id=375, 421.575pt 
x 316.18124pt>
File: ./Graphics/graphs/C2/odezva_harm_0.05-eps-converted-to.pdf Graphic file (
type pdf)
<use ./Graphics/graphs/C2/odezva_harm_0.05-eps-converted-to.pdf>
Package pdftex.def Info: ./Graphics/graphs/C2/odezva_harm_0.05-eps-converted-to
.pdf  used on input line 743.
(pdftex.def)             Requested size: 290.22105pt x 217.66837pt.
[20 <./Graphics/graphs/C2/vystup_rizeni-eps-converted-to.pdf> <./Graphics/graph
s/C2/odezva_harm_0.01-eps-converted-to.pdf>]
Package epstopdf Info: Source file: <./Graphics/graphs/C2/odezva_harm_0.1.eps>
(epstopdf)                    date: 2020-12-31 19:57:58
(epstopdf)                    size: 48954 bytes
(epstopdf)             Output file: <./Graphics/graphs/C2/odezva_harm_0.1-eps-c
onverted-to.pdf>
(epstopdf)                    date: 2020-12-31 22:30:19
(epstopdf)                    size: 19464 bytes
(epstopdf)             Command: <epstopdf --outfile=./Graphics/graphs/C2/odezva
_harm_0.1-eps-converted-to.pdf ./Graphics/graphs/C2/odezva_harm_0.1.eps>
(epstopdf)             \includegraphics on input line 759.
Package epstopdf Info: Output file is already uptodate.


pdfTeX warning: pdflatex.exe (file ./Graphics/graphs/C2/odezva_harm_0.1-eps-con
verted-to.pdf): PDF inclusion: found PDF version <1.7>, but at most version <1.
5> allowed
<./Graphics/graphs/C2/odezva_harm_0.1-eps-converted-to.pdf, id=398, 421.575pt x
 316.18124pt>
File: ./Graphics/graphs/C2/odezva_harm_0.1-eps-converted-to.pdf Graphic file (t
ype pdf)
<use ./Graphics/graphs/C2/odezva_harm_0.1-eps-converted-to.pdf>
Package pdftex.def Info: ./Graphics/graphs/C2/odezva_harm_0.1-eps-converted-to.
pdf  used on input line 759.
(pdftex.def)             Requested size: 290.22105pt x 217.66837pt.
[21 <./Graphics/graphs/C2/odezva_harm_0.05-eps-converted-to.pdf>]
Package epstopdf Info: Source file: <./Graphics/graphs/C2/odezva_harm_0.5.eps>
(epstopdf)                    date: 2020-12-31 19:57:58
(epstopdf)                    size: 37521 bytes
(epstopdf)             Output file: <./Graphics/graphs/C2/odezva_harm_0.5-eps-c
onverted-to.pdf>
(epstopdf)                    date: 2020-12-31 22:30:20
(epstopdf)                    size: 14952 bytes
(epstopdf)             Command: <epstopdf --outfile=./Graphics/graphs/C2/odezva
_harm_0.5-eps-converted-to.pdf ./Graphics/graphs/C2/odezva_harm_0.5.eps>
(epstopdf)             \includegraphics on input line 774.
Package epstopdf Info: Output file is already uptodate.


pdfTeX warning: pdflatex.exe (file ./Graphics/graphs/C2/odezva_harm_0.5-eps-con
verted-to.pdf): PDF inclusion: found PDF version <1.7>, but at most version <1.
5> allowed
<./Graphics/graphs/C2/odezva_harm_0.5-eps-converted-to.pdf, id=412, 421.575pt x
 316.18124pt>
File: ./Graphics/graphs/C2/odezva_harm_0.5-eps-converted-to.pdf Graphic file (t
ype pdf)
<use ./Graphics/graphs/C2/odezva_harm_0.5-eps-converted-to.pdf>
Package pdftex.def Info: ./Graphics/graphs/C2/odezva_harm_0.5-eps-converted-to.
pdf  used on input line 774.
(pdftex.def)             Requested size: 290.22105pt x 217.66837pt.
Package epstopdf Info: Source file: <./Graphics/graphs/C2/nyquist.eps>
(epstopdf)                    date: 2020-12-31 19:57:58
(epstopdf)                    size: 39336 bytes
(epstopdf)             Output file: <./Graphics/graphs/C2/nyquist-eps-converted
-to.pdf>
(epstopdf)                    date: 2020-12-31 22:30:21
(epstopdf)                    size: 38799 bytes
(epstopdf)             Command: <epstopdf --outfile=./Graphics/graphs/C2/nyquis
t-eps-converted-to.pdf ./Graphics/graphs/C2/nyquist.eps>
(epstopdf)             \includegraphics on input line 782.
Package epstopdf Info: Output file is already uptodate.


pdfTeX warning: pdflatex.exe (file ./Graphics/graphs/C2/nyquist-eps-converted-t
o.pdf): PDF inclusion: found PDF version <1.7>, but at most version <1.5> allow
ed
<./Graphics/graphs/C2/nyquist-eps-converted-to.pdf, id=414, 421.575pt x 316.181
24pt>
File: ./Graphics/graphs/C2/nyquist-eps-converted-to.pdf Graphic file (type pdf)

<use ./Graphics/graphs/C2/nyquist-eps-converted-to.pdf>
Package pdftex.def Info: ./Graphics/graphs/C2/nyquist-eps-converted-to.pdf  use
d on input line 782.
(pdftex.def)             Requested size: 386.95894pt x 290.22449pt.
Package epstopdf Info: Source file: <./Graphics/graphs/C2/bode.eps>
(epstopdf)                    date: 2020-12-31 19:57:58
(epstopdf)                    size: 93766 bytes
(epstopdf)             Output file: <./Graphics/graphs/C2/bode-eps-converted-to
.pdf>
(epstopdf)                    date: 2020-12-31 22:30:22
(epstopdf)                    size: 95502 bytes
(epstopdf)             Command: <epstopdf --outfile=./Graphics/graphs/C2/bode-e
ps-converted-to.pdf ./Graphics/graphs/C2/bode.eps>
(epstopdf)             \includegraphics on input line 788.
Package epstopdf Info: Output file is already uptodate.


pdfTeX warning: pdflatex.exe (file ./Graphics/graphs/C2/bode-eps-converted-to.p
df): PDF inclusion: found PDF version <1.7>, but at most version <1.5> allowed
<./Graphics/graphs/C2/bode-eps-converted-to.pdf, id=415, 680.5425pt x 416.55624
pt>
File: ./Graphics/graphs/C2/bode-eps-converted-to.pdf Graphic file (type pdf)
<use ./Graphics/graphs/C2/bode-eps-converted-to.pdf>
Package pdftex.def Info: ./Graphics/graphs/C2/bode-eps-converted-to.pdf  used o
n input line 788.
(pdftex.def)             Requested size: 483.69684pt x 296.06845pt.
[22 <./Graphics/graphs/C2/odezva_harm_0.1-eps-converted-to.pdf> <./Graphics/gra
phs/C2/odezva_harm_0.5-eps-converted-to.pdf>] [23 <./Graphics/graphs/C2/nyquist
-eps-converted-to.pdf> <./Graphics/graphs/C2/bode-eps-converted-to.pdf>]
Package epstopdf Info: Source file: <./Graphics/graphs/C2/bode_S.eps>
(epstopdf)                    date: 2020-12-31 19:57:58
(epstopdf)                    size: 42766 bytes
(epstopdf)             Output file: <./Graphics/graphs/C2/bode_S-eps-converted-
to.pdf>
(epstopdf)                    date: 2020-12-31 22:30:23
(epstopdf)                    size: 42845 bytes
(epstopdf)             Command: <epstopdf --outfile=./Graphics/graphs/C2/bode_S
-eps-converted-to.pdf ./Graphics/graphs/C2/bode_S.eps>
(epstopdf)             \includegraphics on input line 798.
Package epstopdf Info: Output file is already uptodate.


pdfTeX warning: pdflatex.exe (file ./Graphics/graphs/C2/bode_S-eps-converted-to
.pdf): PDF inclusion: found PDF version <1.7>, but at most version <1.5> allowe
d
<./Graphics/graphs/C2/bode_S-eps-converted-to.pdf, id=458, 457.71pt x 341.275pt
>
File: ./Graphics/graphs/C2/bode_S-eps-converted-to.pdf Graphic file (type pdf)
<use ./Graphics/graphs/C2/bode_S-eps-converted-to.pdf>
Package pdftex.def Info: ./Graphics/graphs/C2/bode_S-eps-converted-to.pdf  used
 on input line 798.
(pdftex.def)             Requested size: 483.69684pt x 360.66661pt.
Package epstopdf Info: Source file: <./Graphics/graphs/C2/step_resp_Fu.eps>
(epstopdf)                    date: 2020-12-31 19:57:58
(epstopdf)                    size: 42371 bytes
(epstopdf)             Output file: <./Graphics/graphs/C2/step_resp_Fu-eps-conv
erted-to.pdf>
(epstopdf)                    date: 2020-12-31 22:30:24
(epstopdf)                    size: 41498 bytes
(epstopdf)             Command: <epstopdf --outfile=./Graphics/graphs/C2/step_r
esp_Fu-eps-converted-to.pdf ./Graphics/graphs/C2/step_resp_Fu.eps>
(epstopdf)             \includegraphics on input line 808.
Package epstopdf Info: Output file is already uptodate.


pdfTeX warning: pdflatex.exe (file ./Graphics/graphs/C2/step_resp_Fu-eps-conver
ted-to.pdf): PDF inclusion: found PDF version <1.7>, but at most version <1.5> 
allowed
<./Graphics/graphs/C2/step_resp_Fu-eps-converted-to.pdf, id=461, 421.575pt x 31
6.18124pt>
File: ./Graphics/graphs/C2/step_resp_Fu-eps-converted-to.pdf Graphic file (type
 pdf)
<use ./Graphics/graphs/C2/step_resp_Fu-eps-converted-to.pdf>
Package pdftex.def Info: ./Graphics/graphs/C2/step_resp_Fu-eps-converted-to.pdf
  used on input line 808.
(pdftex.def)             Requested size: 386.95894pt x 290.22449pt.
[24 <./Graphics/graphs/C2/bode_S-eps-converted-to.pdf>] [25 <./Graphics/graphs/
C2/step_resp_Fu-eps-converted-to.pdf>]
Package epstopdf Info: Source file: <./Graphics/graphs/D2/poly_nuly_Fo.eps>
(epstopdf)                    date: 2020-12-31 22:54:35
(epstopdf)                    size: 33018 bytes
(epstopdf)             Output file: <./Graphics/graphs/D2/poly_nuly_Fo-eps-conv
erted-to.pdf>
(epstopdf)                    date: 2020-12-31 23:03:53
(epstopdf)                    size: 32555 bytes
(epstopdf)             Command: <epstopdf --outfile=./Graphics/graphs/D2/poly_n
uly_Fo-eps-converted-to.pdf ./Graphics/graphs/D2/poly_nuly_Fo.eps>
(epstopdf)             \includegraphics on input line 884.
Package epstopdf Info: Output file is already uptodate.


pdfTeX warning: pdflatex.exe (file ./Graphics/graphs/D2/poly_nuly_Fo-eps-conver
ted-to.pdf): PDF inclusion: found PDF version <1.7>, but at most version <1.5> 
allowed
<./Graphics/graphs/D2/poly_nuly_Fo-eps-converted-to.pdf, id=485, 421.575pt x 31
6.18124pt>
File: ./Graphics/graphs/D2/poly_nuly_Fo-eps-converted-to.pdf Graphic file (type
 pdf)
<use ./Graphics/graphs/D2/poly_nuly_Fo-eps-converted-to.pdf>
Package pdftex.def Info: ./Graphics/graphs/D2/poly_nuly_Fo-eps-converted-to.pdf
  used on input line 884.
(pdftex.def)             Requested size: 290.22105pt x 217.66837pt.
Package epstopdf Info: Source file: <./Graphics/graphs/D2/poly_nuly_Fu.eps>
(epstopdf)                    date: 2020-12-31 22:55:55
(epstopdf)                    size: 32098 bytes
(epstopdf)             Output file: <./Graphics/graphs/D2/poly_nuly_Fu-eps-conv
erted-to.pdf>
(epstopdf)                    date: 2020-12-31 23:03:54
(epstopdf)                    size: 31571 bytes
(epstopdf)             Command: <epstopdf --outfile=./Graphics/graphs/D2/poly_n
uly_Fu-eps-converted-to.pdf ./Graphics/graphs/D2/poly_nuly_Fu.eps>
(epstopdf)             \includegraphics on input line 889.
Package epstopdf Info: Output file is already uptodate.


pdfTeX warning: pdflatex.exe (file ./Graphics/graphs/D2/poly_nuly_Fu-eps-conver
ted-to.pdf): PDF inclusion: found PDF version <1.7>, but at most version <1.5> 
allowed
<./Graphics/graphs/D2/poly_nuly_Fu-eps-converted-to.pdf, id=486, 421.575pt x 31
6.18124pt>
File: ./Graphics/graphs/D2/poly_nuly_Fu-eps-converted-to.pdf Graphic file (type
 pdf)
<use ./Graphics/graphs/D2/poly_nuly_Fu-eps-converted-to.pdf>
Package pdftex.def Info: ./Graphics/graphs/D2/poly_nuly_Fu-eps-converted-to.pdf
  used on input line 889.
(pdftex.def)             Requested size: 290.22105pt x 217.66837pt.
Package epstopdf Info: Source file: <./Graphics/graphs/D2/bode_Fo.eps>
(epstopdf)                    date: 2020-12-31 22:58:45
(epstopdf)                    size: 36037 bytes
(epstopdf)             Output file: <./Graphics/graphs/D2/bode_Fo-eps-converted
-to.pdf>
(epstopdf)                    date: 2020-12-31 23:03:55
(epstopdf)                    size: 11000 bytes
(epstopdf)             Command: <epstopdf --outfile=./Graphics/graphs/D2/bode_F
o-eps-converted-to.pdf ./Graphics/graphs/D2/bode_Fo.eps>
(epstopdf)             \includegraphics on input line 894.
Package epstopdf Info: Output file is already uptodate.


pdfTeX warning: pdflatex.exe (file ./Graphics/graphs/D2/bode_Fo-eps-converted-t
o.pdf): PDF inclusion: found PDF version <1.7>, but at most version <1.5> allow
ed
<./Graphics/graphs/D2/bode_Fo-eps-converted-to.pdf, id=487, 421.575pt x 316.181
24pt>
File: ./Graphics/graphs/D2/bode_Fo-eps-converted-to.pdf Graphic file (type pdf)

<use ./Graphics/graphs/D2/bode_Fo-eps-converted-to.pdf>
Package pdftex.def Info: ./Graphics/graphs/D2/bode_Fo-eps-converted-to.pdf  use
d on input line 894.
(pdftex.def)             Requested size: 290.22105pt x 217.66837pt.
Package epstopdf Info: Source file: <./Graphics/graphs/D2/bode_Fu.eps>
(epstopdf)                    date: 2020-12-31 22:59:24
(epstopdf)                    size: 32367 bytes
(epstopdf)             Output file: <./Graphics/graphs/D2/bode_Fu-eps-converted
-to.pdf>
(epstopdf)                    date: 2020-12-31 23:03:55
(epstopdf)                    size: 10717 bytes
(epstopdf)             Command: <epstopdf --outfile=./Graphics/graphs/D2/bode_F
u-eps-converted-to.pdf ./Graphics/graphs/D2/bode_Fu.eps>
(epstopdf)             \includegraphics on input line 899.
Package epstopdf Info: Output file is already uptodate.


pdfTeX warning: pdflatex.exe (file ./Graphics/graphs/D2/bode_Fu-eps-converted-t
o.pdf): PDF inclusion: found PDF version <1.7>, but at most version <1.5> allow
ed
<./Graphics/graphs/D2/bode_Fu-eps-converted-to.pdf, id=488, 421.575pt x 316.181
24pt>
File: ./Graphics/graphs/D2/bode_Fu-eps-converted-to.pdf Graphic file (type pdf)

<use ./Graphics/graphs/D2/bode_Fu-eps-converted-to.pdf>
Package pdftex.def Info: ./Graphics/graphs/D2/bode_Fu-eps-converted-to.pdf  use
d on input line 899.
(pdftex.def)             Requested size: 290.22105pt x 217.66837pt.
[26 <./Graphics/graphs/D2/poly_nuly_Fo-eps-converted-to.pdf> <./Graphics/graphs
/D2/poly_nuly_Fu-eps-converted-to.pdf>]
Package epstopdf Info: Source file: <./Graphics/graphs/D2/odezva_skok_K_krit_sh
ort.eps>
(epstopdf)                    date: 2021-01-13 23:02:45
(epstopdf)                    size: 54177 bytes
(epstopdf)             Output file: <./Graphics/graphs/D2/odezva_skok_K_krit_sh
ort-eps-converted-to.pdf>
(epstopdf)                    date: 2021-01-14 11:00:24
(epstopdf)                    size: 48858 bytes
(epstopdf)             Command: <epstopdf --outfile=./Graphics/graphs/D2/odezva
_skok_K_krit_short-eps-converted-to.pdf ./Graphics/graphs/D2/odezva_skok_K_krit
_short.eps>
(epstopdf)             \includegraphics on input line 904.
Package epstopdf Info: Output file is already uptodate.


pdfTeX warning: pdflatex.exe (file ./Graphics/graphs/D2/odezva_skok_K_krit_shor
t-eps-converted-to.pdf): PDF inclusion: found PDF version <1.7>, but at most ve
rsion <1.5> allowed
<./Graphics/graphs/D2/odezva_skok_K_krit_short-eps-converted-to.pdf, id=507, 42
1.575pt x 316.18124pt>
File: ./Graphics/graphs/D2/odezva_skok_K_krit_short-eps-converted-to.pdf Graphi
c file (type pdf)
<use ./Graphics/graphs/D2/odezva_skok_K_krit_short-eps-converted-to.pdf>
Package pdftex.def Info: ./Graphics/graphs/D2/odezva_skok_K_krit_short-eps-conv
erted-to.pdf  used on input line 904.
(pdftex.def)             Requested size: 290.22105pt x 217.66837pt.
Package epstopdf Info: Source file: <./Graphics/graphs/D2/odezva_skok_K_krit_lo
ng.eps>
(epstopdf)                    date: 2021-01-13 23:01:04
(epstopdf)                    size: 31983 bytes
(epstopdf)             Output file: <./Graphics/graphs/D2/odezva_skok_K_krit_lo
ng-eps-converted-to.pdf>
(epstopdf)                    date: 2021-01-14 11:00:24
(epstopdf)                    size: 30889 bytes
(epstopdf)             Command: <epstopdf --outfile=./Graphics/graphs/D2/odezva
_skok_K_krit_long-eps-converted-to.pdf ./Graphics/graphs/D2/odezva_skok_K_krit_
long.eps>
(epstopdf)             \includegraphics on input line 910.
Package epstopdf Info: Output file is already uptodate.


pdfTeX warning: pdflatex.exe (file ./Graphics/graphs/D2/odezva_skok_K_krit_long
-eps-converted-to.pdf): PDF inclusion: found PDF version <1.7>, but at most ver
sion <1.5> allowed
<./Graphics/graphs/D2/odezva_skok_K_krit_long-eps-converted-to.pdf, id=508, 421
.575pt x 316.18124pt>
File: ./Graphics/graphs/D2/odezva_skok_K_krit_long-eps-converted-to.pdf Graphic
 file (type pdf)
<use ./Graphics/graphs/D2/odezva_skok_K_krit_long-eps-converted-to.pdf>
Package pdftex.def Info: ./Graphics/graphs/D2/odezva_skok_K_krit_long-eps-conve
rted-to.pdf  used on input line 910.
(pdftex.def)             Requested size: 290.22105pt x 217.66837pt.
[27 <./Graphics/graphs/D2/bode_Fo-eps-converted-to.pdf> <./Graphics/graphs/D2/b
ode_Fu-eps-converted-to.pdf>]

Package hyperref Warning: Composite letter `\textring+u'
(hyperref)                not defined in PD1 encoding,
(hyperref)                removing `\textring' on input line 915.

[28 <./Graphics/graphs/D2/odezva_skok_K_krit_short-eps-converted-to.pdf> <./Gra
phics/graphs/D2/odezva_skok_K_krit_long-eps-converted-to.pdf>]
Package epstopdf Info: Source file: <./Graphics/graphs/E2/rlocus.eps>
(epstopdf)                    date: 2021-01-14 21:46:01
(epstopdf)                    size: 34483 bytes
(epstopdf)             Output file: <./Graphics/graphs/E2/rlocus-eps-converted-
to.pdf>
(epstopdf)                    date: 2021-01-14 21:54:41
(epstopdf)                    size: 33284 bytes
(epstopdf)             Command: <epstopdf --outfile=./Graphics/graphs/E2/rlocus
-eps-converted-to.pdf ./Graphics/graphs/E2/rlocus.eps>
(epstopdf)             \includegraphics on input line 992.
Package epstopdf Info: Output file is already uptodate.


pdfTeX warning: pdflatex.exe (file ./Graphics/graphs/E2/rlocus-eps-converted-to
.pdf): PDF inclusion: found PDF version <1.7>, but at most version <1.5> allowe
d
<./Graphics/graphs/E2/rlocus-eps-converted-to.pdf, id=551, 421.575pt x 316.1812
4pt>
File: ./Graphics/graphs/E2/rlocus-eps-converted-to.pdf Graphic file (type pdf)
<use ./Graphics/graphs/E2/rlocus-eps-converted-to.pdf>
Package pdftex.def Info: ./Graphics/graphs/E2/rlocus-eps-converted-to.pdf  used
 on input line 992.
(pdftex.def)             Requested size: 386.95894pt x 290.22449pt.
Package epstopdf Info: Source file: <./Graphics/graphs/E2/sorvnani_regulatoru.e
ps>
(epstopdf)                    date: 2021-01-14 21:37:21
(epstopdf)                    size: 38786 bytes
(epstopdf)             Output file: <./Graphics/graphs/E2/sorvnani_regulatoru-e
ps-converted-to.pdf>
(epstopdf)                    date: 2021-01-14 21:38:22
(epstopdf)                    size: 37925 bytes
(epstopdf)             Command: <epstopdf --outfile=./Graphics/graphs/E2/sorvna
ni_regulatoru-eps-converted-to.pdf ./Graphics/graphs/E2/sorvnani_regulatoru.eps
>
(epstopdf)             \includegraphics on input line 997.
Package epstopdf Info: Output file is already uptodate.


pdfTeX warning: pdflatex.exe (file ./Graphics/graphs/E2/sorvnani_regulatoru-eps
-converted-to.pdf): PDF inclusion: found PDF version <1.7>, but at most version
 <1.5> allowed
<./Graphics/graphs/E2/sorvnani_regulatoru-eps-converted-to.pdf, id=552, 421.575
pt x 316.18124pt>
File: ./Graphics/graphs/E2/sorvnani_regulatoru-eps-converted-to.pdf Graphic fil
e (type pdf)
<use ./Graphics/graphs/E2/sorvnani_regulatoru-eps-converted-to.pdf>
Package pdftex.def Info: ./Graphics/graphs/E2/sorvnani_regulatoru-eps-converted
-to.pdf  used on input line 997.
(pdftex.def)             Requested size: 386.95894pt x 290.22449pt.
[29]

Package hyperref Warning: Composite letter `\textasciicaron+e'
(hyperref)                not defined in PD1 encoding,
(hyperref)                removing `\textasciicaron' on input line 1000.

Package epstopdf Info: Source file: <./Graphics/graphs/E2/nyquist_Fco.eps>
(epstopdf)                    date: 2021-01-14 21:50:53
(epstopdf)                    size: 51180 bytes
(epstopdf)             Output file: <./Graphics/graphs/E2/nyquist_Fco-eps-conve
rted-to.pdf>
(epstopdf)                    date: 2021-01-14 21:53:36
(epstopdf)                    size: 51655 bytes
(epstopdf)             Command: <epstopdf --outfile=./Graphics/graphs/E2/nyquis
t_Fco-eps-converted-to.pdf ./Graphics/graphs/E2/nyquist_Fco.eps>
(epstopdf)             \includegraphics on input line 1003.
Package epstopdf Info: Output file is already uptodate.


pdfTeX warning: pdflatex.exe (file ./Graphics/graphs/E2/nyquist_Fco-eps-convert
ed-to.pdf): PDF inclusion: found PDF version <1.7>, but at most version <1.5> a
llowed
<./Graphics/graphs/E2/nyquist_Fco-eps-converted-to.pdf, id=557, 421.575pt x 316
.18124pt>
File: ./Graphics/graphs/E2/nyquist_Fco-eps-converted-to.pdf Graphic file (type 
pdf)
<use ./Graphics/graphs/E2/nyquist_Fco-eps-converted-to.pdf>
Package pdftex.def Info: ./Graphics/graphs/E2/nyquist_Fco-eps-converted-to.pdf 
 used on input line 1003.
(pdftex.def)             Requested size: 386.95894pt x 290.22449pt.
Package epstopdf Info: Source file: <./Graphics/graphs/F2/Prechodova_charakteri
stika_zpozdeni_12.518.eps>
(epstopdf)                    date: 2021-01-14 21:20:02
(epstopdf)                    size: 45423 bytes
(epstopdf)             Output file: <./Graphics/graphs/F2/Prechodova_charakteri
stika_zpozdeni_12.518-eps-converted-to.pdf>
(epstopdf)                    date: 2021-01-14 21:31:54
(epstopdf)                    size: 41720 bytes
(epstopdf)             Command: <epstopdf --outfile=./Graphics/graphs/F2/Precho
dova_charakteristika_zpozdeni_12.518-eps-converted-to.pdf ./Graphics/graphs/F2/
Prechodova_charakteristika_zpozdeni_12.518.eps>
(epstopdf)             \includegraphics on input line 1008.
Package epstopdf Info: Output file is already uptodate.


pdfTeX warning: pdflatex.exe (file ./Graphics/graphs/F2/Prechodova_charakterist
ika_zpozdeni_12.518-eps-converted-to.pdf): PDF inclusion: found PDF version <1.
7>, but at most version <1.5> allowed
<./Graphics/graphs/F2/Prechodova_charakteristika_zpozdeni_12.518-eps-converted-
to.pdf, id=558, 421.575pt x 316.18124pt>
File: ./Graphics/graphs/F2/Prechodova_charakteristika_zpozdeni_12.518-eps-conve
rted-to.pdf Graphic file (type pdf)
<use ./Graphics/graphs/F2/Prechodova_charakteristika_zpozdeni_12.518-eps-conver
ted-to.pdf>
Package pdftex.def Info: ./Graphics/graphs/F2/Prechodova_charakteristika_zpozde
ni_12.518-eps-converted-to.pdf  used on input line 1008.
(pdftex.def)             Requested size: 386.95894pt x 290.22449pt.
[30 <./Graphics/graphs/E2/rlocus-eps-converted-to.pdf> <./Graphics/graphs/E2/so
rvnani_regulatoru-eps-converted-to.pdf>] [31 <./Graphics/graphs/E2/nyquist_Fco-
eps-converted-to.pdf> <./Graphics/graphs/F2/Prechodova_charakteristika_zpozdeni
_12.518-eps-converted-to.pdf>] [32] (final.aux)
Package rerunfilecheck Info: File `final.out' has not changed.
(rerunfilecheck)             Checksum: 496B2F28CB314724BF7FC8AD5CFA82C4;1103.
 ) 
Here is how much of TeX's memory you used:
 32129 strings out of 479697
 768781 string characters out of 2876990
 1193923 words of memory out of 3000000
 48421 multiletter control sequences out of 15000+200000
 437224 words of font info for 91 fonts, out of 3000000 for 9000
 1141 hyphenation exceptions out of 8191
 94i,17n,98p,1065b,609s stack positions out of 5000i,500n,10000p,200000b,50000s
{C:/Program Files/MiKTeX/fonts/enc/dvips/base/8r.enc}<C:/Program Files/MiKTeX
/fonts/type1/public/amsfonts/cm/cmbx12.pfb><C:/Program Files/MiKTeX/fonts/type1
/public/amsfonts/cm/cmbx8.pfb><C:/Program Files/MiKTeX/fonts/type1/public/amsfo
nts/cm/cmcsc10.pfb><C:/Program Files/MiKTeX/fonts/type1/public/amsfonts/cm/cmex
10.pfb><C:/Program Files/MiKTeX/fonts/type1/public/amsfonts/cm/cmmi10.pfb><C:/P
rogram Files/MiKTeX/fonts/type1/public/amsfonts/cm/cmmi12.pfb><C:/Program Files
/MiKTeX/fonts/type1/public/amsfonts/cm/cmmi8.pfb><C:/Program Files/MiKTeX/fonts
/type1/public/amsfonts/cm/cmr10.pfb><C:/Program Files/MiKTeX/fonts/type1/public
/amsfonts/cm/cmr12.pfb><C:/Program Files/MiKTeX/fonts/type1/public/amsfonts/cm/
cmr6.pfb><C:/Program Files/MiKTeX/fonts/type1/public/amsfonts/cm/cmr8.pfb><C:/P
rogram Files/MiKTeX/fonts/type1/public/amsfonts/cm/cmsy10.pfb><C:/Program Files
/MiKTeX/fonts/type1/public/amsfonts/cm/cmsy8.pfb><C:/Program Files/MiKTeX/fonts
/type1/public/amsfonts/cm/cmtt10.pfb><C:/Program Files/MiKTeX/fonts/type1/publi
c/rsfs/rsfs10.pfb><C:/Program Files/MiKTeX/fonts/type1/urw/symbol/usyr.pfb><C:/
Program Files/MiKTeX/fonts/type1/urw/symbol/usyr.pfb><C:/Program Files/MiKTeX/f
onts/type1/urw/times/utmb8a.pfb><C:/Program Files/MiKTeX/fonts/type1/urw/times/
utmr8a.pfb><C:/Program Files/MiKTeX/fonts/type1/urw/times/utmri8a.pfb>
Output written on final.pdf (33 pages, 1212926 bytes).
PDF statistics:
 663 PDF objects out of 1000 (max. 8388607)
 76 named destinations out of 1000 (max. 500000)
 403 words of extra memory for PDF output out of 10000 (max. 10000000)

